<?xml version="1.0" encoding="UTF-8"?>
<coverage generated="1748837060925" clover="3.2.0">
  <project timestamp="1748837060925" name="All files">
    <metrics statements="66" coveredstatements="66" conditionals="70" coveredconditionals="62" methods="11" coveredmethods="11" elements="147" coveredelements="139" complexity="0" loc="66" ncloc="66" packages="1" files="2" classes="2"/>
    <file name="stone.ts" path="/app/src/stone.ts">
      <metrics statements="26" coveredstatements="26" conditionals="0" coveredconditionals="0" methods="5" coveredmethods="5"/>
      <line num="16" count="3" type="stmt"/>
      <line num="20" count="3" type="stmt"/>
      <line num="30" count="3" type="stmt"/>
      <line num="31" count="145" type="stmt"/>
      <line num="32" count="1086" type="stmt"/>
      <line num="33" count="1086" type="stmt"/>
      <line num="34" count="1086" type="stmt"/>
      <line num="35" count="1086" type="stmt"/>
      <line num="45" count="3" type="stmt"/>
      <line num="47" count="121" type="stmt"/>
      <line num="57" count="3" type="stmt"/>
      <line num="58" count="139" type="stmt"/>
      <line num="63" count="139" type="stmt"/>
      <line num="64" count="139" type="stmt"/>
      <line num="66" count="139" type="stmt"/>
      <line num="68" count="139" type="stmt"/>
      <line num="70" count="139" type="stmt"/>
      <line num="71" count="139" type="stmt"/>
      <line num="75" count="139" type="stmt"/>
      <line num="78" count="139" type="stmt"/>
      <line num="80" count="139" type="stmt"/>
      <line num="83" count="139" type="stmt"/>
      <line num="101" count="3" type="stmt"/>
      <line num="102" count="135" type="stmt"/>
      <line num="103" count="135" type="stmt"/>
      <line num="104" count="135" type="stmt"/>
    </file>
    <file name="store.ts" path="/app/src/store.ts">
      <metrics statements="40" coveredstatements="40" conditionals="70" coveredconditionals="62" methods="6" coveredmethods="6"/>
      <line num="3" count="2" type="stmt"/>
      <line num="4" count="2" type="stmt"/>
      <line num="5" count="2" type="stmt"/>
      <line num="19" count="2" type="stmt"/>
      <line num="20" count="2" type="stmt"/>
      <line num="23" count="2" type="stmt"/>
      <line num="24" count="29" type="stmt"/>
      <line num="41" count="2" type="stmt"/>
      <line num="42" count="8" type="stmt"/>
      <line num="43" count="8" type="stmt"/>
      <line num="44" count="8" type="cond" truecount="2" falsecount="0"/>
      <line num="45" count="7" type="stmt"/>
      <line num="46" count="7" type="stmt"/>
      <line num="48" count="6" type="stmt"/>
      <line num="49" count="6" type="cond" truecount="1" falsecount="0"/>
      <line num="50" count="6" type="stmt"/>
      <line num="51" count="9" type="cond" truecount="1" falsecount="0"/>
      <line num="62" count="8" type="stmt"/>
      <line num="67" count="6" type="cond" truecount="3" falsecount="1"/>
      <line num="71" count="6" type="cond" truecount="5" falsecount="0"/>
      <line num="75" count="6" type="cond" truecount="4" falsecount="0"/>
      <line num="79" count="6" type="cond" truecount="2" falsecount="0"/>
      <line num="83" count="6" type="stmt"/>
      <line num="84" count="6" type="cond" truecount="4" falsecount="0"/>
      <line num="85" count="5" type="stmt"/>
      <line num="89" count="6" type="stmt"/>
      <line num="90" count="6" type="cond" truecount="4" falsecount="0"/>
      <line num="91" count="1" type="stmt"/>
      <line num="92" count="5" type="cond" truecount="1" falsecount="0"/>
      <line num="93" count="3" type="stmt"/>
      <line num="96" count="6" type="stmt"/>
      <line num="98" count="6" type="stmt"/>
      <line num="107" count="1" type="stmt"/>
      <line num="110" count="1" type="stmt"/>
      <line num="118" count="2" type="stmt"/>
      <line num="119" count="1" type="stmt"/>
      <line num="120" count="1" type="stmt"/>
      <line num="122" count="2" type="cond" truecount="6" falsecount="0"/>
      <line num="140" count="1" type="stmt"/>
      <line num="141" count="1" type="stmt"/>
    </file>
  </project>
</coverage>
