{"/app/src/App.tsx": {"path":"/app/src/App.tsx","statementMap":{"0":{"start":{"line":1,"column":0},"end":{"line":1,"column":null}},"1":{"start":{"line":2,"column":0},"end":{"line":2,"column":94}},"2":{"start":{"line":3,"column":0},"end":{"line":3,"column":null}},"3":{"start":{"line":4,"column":0},"end":{"line":4,"column":null}},"4":{"start":{"line":5,"column":0},"end":{"line":5,"column":null}},"5":{"start":{"line":6,"column":0},"end":{"line":6,"column":null}},"6":{"start":{"line":7,"column":0},"end":{"line":7,"column":null}},"7":{"start":{"line":8,"column":0},"end":{"line":8,"column":null}},"8":{"start":{"line":9,"column":0},"end":{"line":9,"column":55}},"9":{"start":{"line":12,"column":66},"end":{"line":46,"column":1}},"10":{"start":{"line":15,"column":2},"end":{"line":31,"column":null}},"11":{"start":{"line":16,"column":4},"end":{"line":29,"column":null}},"12":{"start":{"line":33,"column":2},"end":{"line":42,"column":null}},"13":{"start":{"line":33,"column":2},"end":{"line":33,"column":null}},"14":{"start":{"line":33,"column":2},"end":{"line":36,"column":null}},"15":{"start":{"line":36,"column":9},"end":{"line":36,"column":null}},"16":{"start":{"line":36,"column":9},"end":{"line":39,"column":null}},"17":{"start":{"line":39,"column":33},"end":{"line":39,"column":null}},"18":{"start":{"line":39,"column":56},"end":{"line":39,"column":null}},"19":{"start":{"line":39,"column":56},"end":{"line":42,"column":null}},"20":{"start":{"line":42,"column":9},"end":{"line":42,"column":null}},"21":{"start":{"line":48,"column":23},"end":{"line":76,"column":1}},"22":{"start":{"line":49,"column":44},"end":{"line":49,"column":63}},"23":{"start":{"line":50,"column":26},"end":{"line":50,"column":66}},"24":{"start":{"line":50,"column":32},"end":{"line":50,"column":66}},"25":{"start":{"line":55,"column":2},"end":{"line":72,"column":null}},"26":{"start":{"line":55,"column":2},"end":{"line":55,"column":null}},"27":{"start":{"line":55,"column":2},"end":{"line":66,"column":null}},"28":{"start":{"line":62,"column":14},"end":{"line":62,"column":null}},"29":{"start":{"line":63,"column":18},"end":{"line":63,"column":null}},"30":{"start":{"line":63,"column":21},"end":{"line":66,"column":null}},"31":{"start":{"line":65,"column":20},"end":{"line":65,"column":40}},"32":{"start":{"line":65,"column":48},"end":{"line":65,"column":null}},"33":{"start":{"line":65,"column":97},"end":{"line":66,"column":null}},"34":{"start":{"line":66,"column":58},"end":{"line":66,"column":null}},"35":{"start":{"line":66,"column":58},"end":{"line":71,"column":null}},"36":{"start":{"line":71,"column":9},"end":{"line":72,"column":null}},"37":{"start":{"line":72,"column":9},"end":{"line":72,"column":null}},"38":{"start":{"line":78,"column":0},"end":{"line":78,"column":null}}},"fnMap":{"0":{"name":"(anonymous_1)","decl":{"start":{"line":12,"column":66},"end":{"line":12,"column":71}},"loc":{"start":{"line":12,"column":75},"end":{"line":46,"column":1}}},"1":{"name":"(anonymous_2)","decl":{"start":{"line":15,"column":15},"end":{"line":15,"column":20}},"loc":{"start":{"line":15,"column":20},"end":{"line":31,"column":3}}},"2":{"name":"(anonymous_3)","decl":{"start":{"line":33,"column":2},"end":{"line":33,"column":null}},"loc":{"start":{"line":33,"column":2},"end":{"line":42,"column":null}}},"3":{"name":"(anonymous_4)","decl":{"start":{"line":39,"column":9},"end":{"line":39,"column":18}},"loc":{"start":{"line":39,"column":33},"end":{"line":39,"column":null}}},"4":{"name":"(anonymous_5)","decl":{"start":{"line":48,"column":23},"end":{"line":48,"column":28}},"loc":{"start":{"line":48,"column":28},"end":{"line":76,"column":1}}},"5":{"name":"(anonymous_6)","decl":{"start":{"line":50,"column":26},"end":{"line":50,"column":32}},"loc":{"start":{"line":50,"column":32},"end":{"line":50,"column":66}}},"6":{"name":"(anonymous_7)","decl":{"start":{"line":55,"column":2},"end":{"line":55,"column":null}},"loc":{"start":{"line":55,"column":2},"end":{"line":72,"column":null}}},"7":{"name":"(anonymous_8)","decl":{"start":{"line":61,"column":13},"end":{"line":61,"column":null}},"loc":{"start":{"line":62,"column":14},"end":{"line":62,"column":null}}},"8":{"name":"(anonymous_9)","decl":{"start":{"line":62,"column":91},"end":{"line":62,"column":null}},"loc":{"start":{"line":63,"column":18},"end":{"line":63,"column":null}}},"9":{"name":"(anonymous_10)","decl":{"start":{"line":63,"column":21},"end":{"line":63,"column":null}},"loc":{"start":{"line":63,"column":21},"end":{"line":66,"column":null}}},"10":{"name":"(anonymous_11)","decl":{"start":{"line":65,"column":15},"end":{"line":65,"column":16}},"loc":{"start":{"line":65,"column":20},"end":{"line":65,"column":40}}},"11":{"name":"(anonymous_12)","decl":{"start":{"line":65,"column":38},"end":{"line":65,"column":40}},"loc":{"start":{"line":65,"column":48},"end":{"line":65,"column":null}}},"12":{"name":"(anonymous_13)","decl":{"start":{"line":65,"column":97},"end":{"line":65,"column":null}},"loc":{"start":{"line":65,"column":97},"end":{"line":66,"column":null}}}},"branchMap":{"0":{"loc":{"start":{"line":16,"column":4},"end":{"line":29,"column":null}},"type":"if","locations":[{"start":{"line":16,"column":4},"end":{"line":29,"column":null}}]},"1":{"loc":{"start":{"line":16,"column":8},"end":{"line":16,"column":83}},"type":"binary-expr","locations":[{"start":{"line":16,"column":8},"end":{"line":16,"column":41}},{"start":{"line":16,"column":45},"end":{"line":16,"column":83}}]},"2":{"loc":{"start":{"line":62,"column":16},"end":{"line":62,"column":91}},"type":"binary-expr","locations":[{"start":{"line":62,"column":16},"end":{"line":62,"column":49}},{"start":{"line":62,"column":53},"end":{"line":62,"column":91}}]}},"s":{"0":1,"1":1,"2":1,"3":1,"4":1,"5":1,"6":1,"7":1,"8":1,"9":1,"10":1,"11":1,"12":1,"13":11,"14":1,"15":4,"16":1,"17":1,"18":4,"19":1,"20":1,"21":1,"22":2,"23":2,"24":0,"25":2,"26":20,"27":2,"28":2,"29":1,"30":1,"31":1,"32":0,"33":1,"34":6,"35":2,"36":2,"37":2,"38":1},"f":{"0":1,"1":1,"2":1,"3":1,"4":2,"5":0,"6":2,"7":2,"8":1,"9":1,"10":1,"11":0,"12":1},"b":{"0":[1],"1":[1,1],"2":[2,1]}}
,"/app/src/render.tsx": {"path":"/app/src/render.tsx","statementMap":{"0":{"start":{"line":1,"column":0},"end":{"line":1,"column":null}},"1":{"start":{"line":9,"column":0},"end":{"line":9,"column":16}},"2":{"start":{"line":59,"column":0},"end":{"line":59,"column":16}},"3":{"start":{"line":3,"column":0},"end":{"line":3,"column":null}},"4":{"start":{"line":4,"column":0},"end":{"line":4,"column":null}},"5":{"start":{"line":10,"column":2},"end":{"line":10,"column":35}},"6":{"start":{"line":10,"column":18},"end":{"line":10,"column":35}},"7":{"start":{"line":11,"column":2},"end":{"line":21,"column":null}},"8":{"start":{"line":12,"column":16},"end":{"line":12,"column":null}},"9":{"start":{"line":13,"column":19},"end":{"line":13,"column":null}},"10":{"start":{"line":14,"column":18},"end":{"line":14,"column":36}},"11":{"start":{"line":15,"column":17},"end":{"line":15,"column":null}},"12":{"start":{"line":16,"column":17},"end":{"line":16,"column":null}},"13":{"start":{"line":17,"column":20},"end":{"line":17,"column":null}},"14":{"start":{"line":18,"column":18},"end":{"line":18,"column":null}},"15":{"start":{"line":19,"column":18},"end":{"line":19,"column":36}},"16":{"start":{"line":20,"column":13},"end":{"line":20,"column":31}},"17":{"start":{"line":27,"column":26},"end":{"line":27,"column":36}},"18":{"start":{"line":28,"column":27},"end":{"line":28,"column":38}},"19":{"start":{"line":29,"column":18},"end":{"line":29,"column":19}},"20":{"start":{"line":32,"column":25},"end":{"line":50,"column":null}},"21":{"start":{"line":34,"column":19},"end":{"line":34,"column":82}},"22":{"start":{"line":35,"column":20},"end":{"line":35,"column":30}},"23":{"start":{"line":36,"column":4},"end":{"line":36,"column":null}},"24":{"start":{"line":36,"column":4},"end":{"line":36,"column":20}},"25":{"start":{"line":36,"column":4},"end":{"line":36,"column":36}},"26":{"start":{"line":36,"column":26},"end":{"line":36,"column":57}},"27":{"start":{"line":36,"column":41},"end":{"line":36,"column":null}},"28":{"start":{"line":36,"column":64},"end":{"line":36,"column":null}},"29":{"start":{"line":40,"column":19},"end":{"line":40,"column":194}},"30":{"start":{"line":41,"column":4},"end":{"line":41,"column":null}},"31":{"start":{"line":41,"column":4},"end":{"line":41,"column":20}},"32":{"start":{"line":41,"column":4},"end":{"line":41,"column":34}},"33":{"start":{"line":41,"column":26},"end":{"line":41,"column":null}},"34":{"start":{"line":41,"column":39},"end":{"line":41,"column":null}},"35":{"start":{"line":44,"column":21},"end":{"line":44,"column":29}},"36":{"start":{"line":45,"column":17},"end":{"line":45,"column":29}},"37":{"start":{"line":46,"column":17},"end":{"line":46,"column":29}},"38":{"start":{"line":47,"column":25},"end":{"line":47,"column":47}},"39":{"start":{"line":48,"column":4},"end":{"line":48,"column":null}},"40":{"start":{"line":48,"column":4},"end":{"line":48,"column":20}},"41":{"start":{"line":48,"column":4},"end":{"line":48,"column":29}},"42":{"start":{"line":48,"column":24},"end":{"line":48,"column":42}},"43":{"start":{"line":48,"column":33},"end":{"line":48,"column":56}},"44":{"start":{"line":48,"column":46},"end":{"line":48,"column":68}},"45":{"start":{"line":48,"column":60},"end":{"line":48,"column":86}},"46":{"start":{"line":48,"column":73},"end":{"line":48,"column":null}},"47":{"start":{"line":48,"column":98},"end":{"line":48,"column":null}},"48":{"start":{"line":53,"column":2},"end":{"line":53,"column":null}},"49":{"start":{"line":53,"column":18},"end":{"line":53,"column":null}},"50":{"start":{"line":54,"column":2},"end":{"line":54,"column":null}},"51":{"start":{"line":54,"column":18},"end":{"line":54,"column":null}},"52":{"start":{"line":55,"column":2},"end":{"line":55,"column":null}},"53":{"start":{"line":55,"column":18},"end":{"line":55,"column":null}},"54":{"start":{"line":56,"column":2},"end":{"line":56,"column":null}},"55":{"start":{"line":60,"column":58},"end":{"line":60,"column":63}},"56":{"start":{"line":61,"column":15},"end":{"line":61,"column":64}},"57":{"start":{"line":62,"column":23},"end":{"line":62,"column":41}},"58":{"start":{"line":64,"column":34},"end":{"line":64,"column":36}},"59":{"start":{"line":65,"column":20},"end":{"line":65,"column":36}},"60":{"start":{"line":68,"column":61},"end":{"line":68,"column":63}},"61":{"start":{"line":69,"column":2},"end":{"line":75,"column":null}},"62":{"start":{"line":69,"column":15},"end":{"line":69,"column":16}},"63":{"start":{"line":70,"column":4},"end":{"line":74,"column":null}},"64":{"start":{"line":70,"column":17},"end":{"line":70,"column":18}},"65":{"start":{"line":71,"column":6},"end":{"line":73,"column":null}},"66":{"start":{"line":72,"column":8},"end":{"line":72,"column":null}},"67":{"start":{"line":78,"column":2},"end":{"line":83,"column":null}},"68":{"start":{"line":79,"column":4},"end":{"line":82,"column":null}},"69":{"start":{"line":79,"column":17},"end":{"line":79,"column":50}},"70":{"start":{"line":80,"column":16},"end":{"line":80,"column":49}},"71":{"start":{"line":81,"column":6},"end":{"line":81,"column":null}},"72":{"start":{"line":85,"column":54},"end":{"line":85,"column":81}},"73":{"start":{"line":86,"column":25},"end":{"line":86,"column":42}},"74":{"start":{"line":87,"column":2},"end":{"line":89,"column":null}},"75":{"start":{"line":87,"column":15},"end":{"line":87,"column":16}},"76":{"start":{"line":88,"column":4},"end":{"line":88,"column":null}},"77":{"start":{"line":91,"column":2},"end":{"line":125,"column":null}},"78":{"start":{"line":91,"column":15},"end":{"line":91,"column":16}},"79":{"start":{"line":92,"column":4},"end":{"line":124,"column":null}},"80":{"start":{"line":92,"column":17},"end":{"line":92,"column":18}},"81":{"start":{"line":93,"column":6},"end":{"line":123,"column":null}},"82":{"start":{"line":95,"column":23},"end":{"line":95,"column":35}},"83":{"start":{"line":96,"column":26},"end":{"line":96,"column":52}},"84":{"start":{"line":97,"column":8},"end":{"line":97,"column":null}},"85":{"start":{"line":97,"column":29},"end":{"line":97,"column":null}},"86":{"start":{"line":98,"column":8},"end":{"line":98,"column":null}},"87":{"start":{"line":98,"column":29},"end":{"line":98,"column":null}},"88":{"start":{"line":100,"column":8},"end":{"line":109,"column":null}},"89":{"start":{"line":100,"column":21},"end":{"line":100,"column":null}},"90":{"start":{"line":100,"column":21},"end":{"line":102,"column":null}},"91":{"start":{"line":102,"column":28},"end":{"line":103,"column":null}},"92":{"start":{"line":103,"column":28},"end":{"line":106,"column":null}},"93":{"start":{"line":106,"column":26},"end":{"line":107,"column":null}},"94":{"start":{"line":107,"column":40},"end":{"line":107,"column":null}},"95":{"start":{"line":112,"column":8},"end":{"line":122,"column":null}},"96":{"start":{"line":113,"column":29},"end":{"line":113,"column":105}},"97":{"start":{"line":115,"column":44},"end":{"line":119,"column":null}},"98":{"start":{"line":121,"column":10},"end":{"line":121,"column":null}},"99":{"start":{"line":128,"column":23},"end":{"line":128,"column":29}},"100":{"start":{"line":129,"column":23},"end":{"line":129,"column":26}},"101":{"start":{"line":130,"column":2},"end":{"line":133,"column":null}},"102":{"start":{"line":131,"column":4},"end":{"line":131,"column":null}},"103":{"start":{"line":132,"column":4},"end":{"line":132,"column":null}},"104":{"start":{"line":135,"column":38},"end":{"line":138,"column":null}},"105":{"start":{"line":140,"column":2},"end":{"line":149,"column":null}},"106":{"start":{"line":140,"column":2},"end":{"line":140,"column":null}},"107":{"start":{"line":140,"column":2},"end":{"line":144,"column":null}},"108":{"start":{"line":144,"column":63},"end":{"line":146,"column":null}},"109":{"start":{"line":146,"column":21},"end":{"line":148,"column":47}},"110":{"start":{"line":148,"column":31},"end":{"line":148,"column":null}},"111":{"start":{"line":148,"column":61},"end":{"line":149,"column":null}},"112":{"start":{"line":149,"column":17},"end":{"line":149,"column":null}},"113":{"start":{"line":161,"column":17},"end":{"line":174,"column":null}},"114":{"start":{"line":163,"column":16},"end":{"line":163,"column":47}},"115":{"start":{"line":164,"column":15},"end":{"line":164,"column":32}},"116":{"start":{"line":165,"column":15},"end":{"line":165,"column":31}},"117":{"start":{"line":166,"column":15},"end":{"line":166,"column":31}},"118":{"start":{"line":167,"column":14},"end":{"line":170,"column":6}},"119":{"start":{"line":168,"column":6},"end":{"line":168,"column":null}},"120":{"start":{"line":169,"column":6},"end":{"line":169,"column":null}},"121":{"start":{"line":171,"column":4},"end":{"line":171,"column":null}},"122":{"start":{"line":173,"column":33},"end":{"line":173,"column":null}}},"fnMap":{"0":{"name":"getSvgColor","decl":{"start":{"line":9,"column":16},"end":{"line":9,"column":27}},"loc":{"start":{"line":9,"column":57},"end":{"line":22,"column":null}}},"1":{"name":"(anonymous_1)","decl":{"start":{"line":33,"column":8},"end":{"line":33,"column":9}},"loc":{"start":{"line":33,"column":75},"end":{"line":37,"column":3}}},"2":{"name":"(anonymous_2)","decl":{"start":{"line":36,"column":4},"end":{"line":36,"column":20}},"loc":{"start":{"line":36,"column":4},"end":{"line":36,"column":null}}},"3":{"name":"(anonymous_3)","decl":{"start":{"line":38,"column":8},"end":{"line":38,"column":9}},"loc":{"start":{"line":38,"column":75},"end":{"line":42,"column":3}}},"4":{"name":"(anonymous_4)","decl":{"start":{"line":41,"column":4},"end":{"line":41,"column":20}},"loc":{"start":{"line":41,"column":4},"end":{"line":41,"column":null}}},"5":{"name":"(anonymous_5)","decl":{"start":{"line":43,"column":11},"end":{"line":43,"column":12}},"loc":{"start":{"line":43,"column":78},"end":{"line":49,"column":null}}},"6":{"name":"(anonymous_6)","decl":{"start":{"line":48,"column":4},"end":{"line":48,"column":20}},"loc":{"start":{"line":48,"column":4},"end":{"line":48,"column":null}}},"7":{"name":"getMagicGlyphDetails","decl":{"start":{"line":52,"column":9},"end":{"line":52,"column":29}},"loc":{"start":{"line":52,"column":43},"end":{"line":57,"column":null}}},"8":{"name":"renderStoneToSVG","decl":{"start":{"line":59,"column":16},"end":{"line":59,"column":32}},"loc":{"start":{"line":59,"column":54},"end":{"line":153,"column":null}}},"9":{"name":"(anonymous_9)","decl":{"start":{"line":100,"column":21},"end":{"line":100,"column":null}},"loc":{"start":{"line":100,"column":21},"end":{"line":107,"column":null}}},"10":{"name":"(anonymous_10)","decl":{"start":{"line":106,"column":26},"end":{"line":106,"column":null}},"loc":{"start":{"line":106,"column":26},"end":{"line":107,"column":null}}},"11":{"name":"(anonymous_11)","decl":{"start":{"line":140,"column":2},"end":{"line":140,"column":null}},"loc":{"start":{"line":140,"column":2},"end":{"line":149,"column":null}}},"12":{"name":"(anonymous_12)","decl":{"start":{"line":162,"column":17},"end":{"line":162,"column":33}},"loc":{"start":{"line":162,"column":37},"end":{"line":172,"column":3}}},"13":{"name":"(anonymous_13)","decl":{"start":{"line":167,"column":28},"end":{"line":167,"column":29}},"loc":{"start":{"line":167,"column":32},"end":{"line":170,"column":5}}},"14":{"name":"(anonymous_14)","decl":{"start":{"line":173,"column":12},"end":{"line":173,"column":28}},"loc":{"start":{"line":173,"column":33},"end":{"line":173,"column":null}}}},"branchMap":{"0":{"loc":{"start":{"line":10,"column":2},"end":{"line":10,"column":35}},"type":"if","locations":[{"start":{"line":10,"column":2},"end":{"line":10,"column":35}}]},"1":{"loc":{"start":{"line":11,"column":2},"end":{"line":21,"column":null}},"type":"switch","locations":[{"start":{"line":12,"column":4},"end":{"line":12,"column":null}},{"start":{"line":13,"column":4},"end":{"line":13,"column":null}},{"start":{"line":14,"column":4},"end":{"line":14,"column":36}},{"start":{"line":15,"column":4},"end":{"line":15,"column":null}},{"start":{"line":16,"column":4},"end":{"line":16,"column":null}},{"start":{"line":17,"column":4},"end":{"line":17,"column":null}},{"start":{"line":18,"column":4},"end":{"line":18,"column":null}},{"start":{"line":19,"column":4},"end":{"line":19,"column":36}},{"start":{"line":20,"column":4},"end":{"line":20,"column":31}}]},"2":{"loc":{"start":{"line":53,"column":2},"end":{"line":53,"column":null}},"type":"if","locations":[{"start":{"line":53,"column":2},"end":{"line":53,"column":null}}]},"3":{"loc":{"start":{"line":53,"column":48},"end":{"line":53,"column":87}},"type":"cond-expr","locations":[{"start":{"line":53,"column":61},"end":{"line":53,"column":83}},{"start":{"line":53,"column":86},"end":{"line":53,"column":87}}]},"4":{"loc":{"start":{"line":54,"column":2},"end":{"line":54,"column":null}},"type":"if","locations":[{"start":{"line":54,"column":2},"end":{"line":54,"column":null}}]},"5":{"loc":{"start":{"line":55,"column":2},"end":{"line":55,"column":null}},"type":"if","locations":[{"start":{"line":55,"column":2},"end":{"line":55,"column":null}}]},"6":{"loc":{"start":{"line":71,"column":6},"end":{"line":73,"column":null}},"type":"if","locations":[{"start":{"line":71,"column":6},"end":{"line":73,"column":null}}]},"7":{"loc":{"start":{"line":78,"column":2},"end":{"line":83,"column":null}},"type":"if","locations":[{"start":{"line":78,"column":2},"end":{"line":83,"column":null}}]},"8":{"loc":{"start":{"line":93,"column":6},"end":{"line":123,"column":null}},"type":"if","locations":[{"start":{"line":93,"column":6},"end":{"line":123,"column":null}}]},"9":{"loc":{"start":{"line":97,"column":8},"end":{"line":97,"column":null}},"type":"if","locations":[{"start":{"line":97,"column":8},"end":{"line":97,"column":null}}]},"10":{"loc":{"start":{"line":98,"column":8},"end":{"line":98,"column":null}},"type":"if","locations":[{"start":{"line":98,"column":8},"end":{"line":98,"column":null}}]},"11":{"loc":{"start":{"line":112,"column":8},"end":{"line":122,"column":null}},"type":"if","locations":[{"start":{"line":112,"column":8},"end":{"line":122,"column":null}}]},"12":{"loc":{"start":{"line":113,"column":29},"end":{"line":113,"column":105}},"type":"cond-expr","locations":[{"start":{"line":113,"column":62},"end":{"line":113,"column":79}},{"start":{"line":113,"column":82},"end":{"line":113,"column":105}}]},"13":{"loc":{"start":{"line":130,"column":2},"end":{"line":133,"column":null}},"type":"if","locations":[{"start":{"line":130,"column":2},"end":{"line":133,"column":null}}]},"14":{"loc":{"start":{"line":131,"column":21},"end":{"line":131,"column":58}},"type":"cond-expr","locations":[{"start":{"line":131,"column":41},"end":{"line":131,"column":47}},{"start":{"line":131,"column":50},"end":{"line":131,"column":58}}]},"15":{"loc":{"start":{"line":169,"column":13},"end":{"line":169,"column":74}},"type":"cond-expr","locations":[{"start":{"line":169,"column":28},"end":{"line":169,"column":37}},{"start":{"line":169,"column":40},"end":{"line":169,"column":74}}]}},"s":{"0":20,"1":4,"2":4,"3":4,"4":4,"5":17,"6":1,"7":16,"8":2,"9":0,"10":1,"11":3,"12":4,"13":0,"14":3,"15":2,"16":1,"17":4,"18":4,"19":4,"20":4,"21":0,"22":0,"23":0,"24":0,"25":0,"26":0,"27":0,"28":0,"29":0,"30":0,"31":0,"32":0,"33":0,"34":0,"35":28,"36":28,"37":28,"38":28,"39":28,"40":28,"41":28,"42":28,"43":28,"44":28,"45":28,"46":28,"47":28,"48":9,"49":0,"50":9,"51":1,"52":8,"53":8,"54":0,"55":9,"56":9,"57":9,"58":9,"59":9,"60":9,"61":9,"62":9,"63":540,"64":540,"65":32400,"66":12044,"67":9,"68":8,"69":8,"70":12036,"71":12036,"72":9,"73":9,"74":9,"75":9,"76":28,"77":9,"78":9,"79":540,"80":540,"81":32400,"82":12044,"83":12044,"84":12044,"85":7416,"86":12044,"87":597,"88":12044,"89":12044,"90":12044,"91":12044,"92":12044,"93":24088,"94":12044,"95":12044,"96":28,"97":28,"98":28,"99":9,"100":9,"101":9,"102":1,"103":1,"104":9,"105":9,"106":18,"107":9,"108":9,"109":9,"110":9,"111":9,"112":9,"113":4,"114":28,"115":28,"116":28,"117":28,"118":28,"119":84,"120":84,"121":28,"122":28},"f":{"0":17,"1":0,"2":0,"3":0,"4":0,"5":28,"6":28,"7":9,"8":9,"9":12044,"10":12044,"11":9,"12":28,"13":84,"14":28},"b":{"0":[1],"1":[2,0,1,3,4,0,3,2,1],"2":[0],"3":[0,0],"4":[1],"5":[8],"6":[12044],"7":[8],"8":[12044],"9":[7416],"10":[597],"11":[28],"12":[14,14],"13":[1],"14":[1,0],"15":[28,56]}}
,"/app/src/shapeMasks.ts": {"path":"/app/src/shapeMasks.ts","statementMap":{"0":{"start":{"line":13,"column":0},"end":{"line":13,"column":16}},"1":{"start":{"line":3,"column":13},"end":{"line":3,"column":null}},"2":{"start":{"line":4,"column":13},"end":{"line":4,"column":null}},"3":{"start":{"line":18,"column":28},"end":{"line":20,"column":40}},"4":{"start":{"line":20,"column":15},"end":{"line":20,"column":39}},"5":{"start":{"line":21,"column":18},"end":{"line":21,"column":27}},"6":{"start":{"line":22,"column":18},"end":{"line":22,"column":28}},"7":{"start":{"line":24,"column":2},"end":{"line":180,"column":null}},"8":{"start":{"line":26,"column":21},"end":{"line":26,"column":52}},"9":{"start":{"line":27,"column":6},"end":{"line":34,"column":null}},"10":{"start":{"line":27,"column":19},"end":{"line":27,"column":20}},"11":{"start":{"line":28,"column":8},"end":{"line":33,"column":null}},"12":{"start":{"line":28,"column":21},"end":{"line":28,"column":22}},"13":{"start":{"line":29,"column":25},"end":{"line":29,"column":88}},"14":{"start":{"line":30,"column":10},"end":{"line":32,"column":null}},"15":{"start":{"line":31,"column":12},"end":{"line":31,"column":null}},"16":{"start":{"line":35,"column":6},"end":{"line":35,"column":null}},"17":{"start":{"line":38,"column":25},"end":{"line":38,"column":54}},"18":{"start":{"line":39,"column":23},"end":{"line":39,"column":37}},"19":{"start":{"line":40,"column":25},"end":{"line":40,"column":55}},"20":{"start":{"line":41,"column":23},"end":{"line":41,"column":52}},"21":{"start":{"line":42,"column":25},"end":{"line":42,"column":55}},"22":{"start":{"line":43,"column":23},"end":{"line":43,"column":52}},"23":{"start":{"line":44,"column":6},"end":{"line":50,"column":null}},"24":{"start":{"line":44,"column":19},"end":{"line":44,"column":29}},"25":{"start":{"line":45,"column":8},"end":{"line":49,"column":null}},"26":{"start":{"line":45,"column":21},"end":{"line":45,"column":31}},"27":{"start":{"line":46,"column":10},"end":{"line":48,"column":null}},"28":{"start":{"line":47,"column":12},"end":{"line":47,"column":null}},"29":{"start":{"line":51,"column":6},"end":{"line":51,"column":null}},"30":{"start":{"line":54,"column":31},"end":{"line":54,"column":42}},"31":{"start":{"line":55,"column":33},"end":{"line":55,"column":37}},"32":{"start":{"line":56,"column":34},"end":{"line":56,"column":61}},"33":{"start":{"line":57,"column":20},"end":{"line":57,"column":65}},"34":{"start":{"line":58,"column":20},"end":{"line":58,"column":65}},"35":{"start":{"line":60,"column":6},"end":{"line":72,"column":null}},"36":{"start":{"line":60,"column":19},"end":{"line":60,"column":24}},"37":{"start":{"line":61,"column":8},"end":{"line":71,"column":null}},"38":{"start":{"line":62,"column":27},"end":{"line":62,"column":82}},"39":{"start":{"line":63,"column":31},"end":{"line":63,"column":58}},"40":{"start":{"line":64,"column":32},"end":{"line":64,"column":70}},"41":{"start":{"line":65,"column":30},"end":{"line":65,"column":67}},"42":{"start":{"line":66,"column":10},"end":{"line":70,"column":null}},"43":{"start":{"line":66,"column":23},"end":{"line":66,"column":36}},"44":{"start":{"line":67,"column":12},"end":{"line":69,"column":null}},"45":{"start":{"line":68,"column":14},"end":{"line":68,"column":null}},"46":{"start":{"line":73,"column":6},"end":{"line":73,"column":null}},"47":{"start":{"line":76,"column":27},"end":{"line":76,"column":39}},"48":{"start":{"line":77,"column":26},"end":{"line":77,"column":38}},"49":{"start":{"line":78,"column":23},"end":{"line":78,"column":35}},"50":{"start":{"line":79,"column":28},"end":{"line":79,"column":54}},"51":{"start":{"line":80,"column":28},"end":{"line":80,"column":67}},"52":{"start":{"line":81,"column":23},"end":{"line":81,"column":36}},"53":{"start":{"line":82,"column":23},"end":{"line":82,"column":50}},"54":{"start":{"line":83,"column":23},"end":{"line":83,"column":31}},"55":{"start":{"line":84,"column":26},"end":{"line":84,"column":49}},"56":{"start":{"line":85,"column":27},"end":{"line":85,"column":39}},"57":{"start":{"line":86,"column":32},"end":{"line":86,"column":66}},"58":{"start":{"line":87,"column":30},"end":{"line":87,"column":63}},"59":{"start":{"line":89,"column":6},"end":{"line":95,"column":null}},"60":{"start":{"line":89,"column":19},"end":{"line":89,"column":39}},"61":{"start":{"line":90,"column":8},"end":{"line":94,"column":null}},"62":{"start":{"line":90,"column":21},"end":{"line":90,"column":38}},"63":{"start":{"line":91,"column":10},"end":{"line":93,"column":null}},"64":{"start":{"line":92,"column":12},"end":{"line":92,"column":null}},"65":{"start":{"line":96,"column":6},"end":{"line":108,"column":null}},"66":{"start":{"line":96,"column":19},"end":{"line":96,"column":39}},"67":{"start":{"line":97,"column":8},"end":{"line":107,"column":null}},"68":{"start":{"line":98,"column":27},"end":{"line":98,"column":79}},"69":{"start":{"line":99,"column":34},"end":{"line":99,"column":53}},"70":{"start":{"line":100,"column":28},"end":{"line":100,"column":69}},"71":{"start":{"line":101,"column":26},"end":{"line":101,"column":66}},"72":{"start":{"line":102,"column":10},"end":{"line":106,"column":null}},"73":{"start":{"line":102,"column":23},"end":{"line":102,"column":32}},"74":{"start":{"line":103,"column":12},"end":{"line":105,"column":null}},"75":{"start":{"line":104,"column":14},"end":{"line":104,"column":null}},"76":{"start":{"line":109,"column":6},"end":{"line":109,"column":null}},"77":{"start":{"line":112,"column":27},"end":{"line":112,"column":39}},"78":{"start":{"line":113,"column":28},"end":{"line":113,"column":41}},"79":{"start":{"line":114,"column":26},"end":{"line":114,"column":38}},"80":{"start":{"line":115,"column":28},"end":{"line":115,"column":59}},"81":{"start":{"line":116,"column":28},"end":{"line":116,"column":67}},"82":{"start":{"line":117,"column":28},"end":{"line":117,"column":41}},"83":{"start":{"line":118,"column":28},"end":{"line":118,"column":57}},"84":{"start":{"line":119,"column":26},"end":{"line":119,"column":39}},"85":{"start":{"line":120,"column":29},"end":{"line":120,"column":54}},"86":{"start":{"line":121,"column":30},"end":{"line":121,"column":44}},"87":{"start":{"line":122,"column":31},"end":{"line":122,"column":62}},"88":{"start":{"line":124,"column":6},"end":{"line":141,"column":null}},"89":{"start":{"line":124,"column":19},"end":{"line":124,"column":20}},"90":{"start":{"line":125,"column":23},"end":{"line":125,"column":24}},"91":{"start":{"line":126,"column":8},"end":{"line":132,"column":null}},"92":{"start":{"line":127,"column":10},"end":{"line":127,"column":null}},"93":{"start":{"line":128,"column":15},"end":{"line":132,"column":null}},"94":{"start":{"line":129,"column":10},"end":{"line":129,"column":null}},"95":{"start":{"line":130,"column":15},"end":{"line":132,"column":null}},"96":{"start":{"line":131,"column":10},"end":{"line":131,"column":null}},"97":{"start":{"line":134,"column":30},"end":{"line":134,"column":64}},"98":{"start":{"line":135,"column":28},"end":{"line":135,"column":61}},"99":{"start":{"line":136,"column":8},"end":{"line":140,"column":null}},"100":{"start":{"line":136,"column":21},"end":{"line":136,"column":34}},"101":{"start":{"line":137,"column":10},"end":{"line":139,"column":null}},"102":{"start":{"line":138,"column":12},"end":{"line":138,"column":null}},"103":{"start":{"line":142,"column":6},"end":{"line":142,"column":null}},"104":{"start":{"line":145,"column":21},"end":{"line":145,"column":34}},"105":{"start":{"line":146,"column":20},"end":{"line":146,"column":31}},"106":{"start":{"line":147,"column":19},"end":{"line":147,"column":31}},"107":{"start":{"line":148,"column":31},"end":{"line":148,"column":63}},"108":{"start":{"line":149,"column":31},"end":{"line":149,"column":63}},"109":{"start":{"line":150,"column":25},"end":{"line":150,"column":28}},"110":{"start":{"line":152,"column":6},"end":{"line":174,"column":null}},"111":{"start":{"line":152,"column":19},"end":{"line":152,"column":35}},"112":{"start":{"line":153,"column":8},"end":{"line":173,"column":null}},"113":{"start":{"line":154,"column":27},"end":{"line":154,"column":89}},"114":{"start":{"line":155,"column":34},"end":{"line":155,"column":66}},"115":{"start":{"line":156,"column":29},"end":{"line":156,"column":74}},"116":{"start":{"line":157,"column":30},"end":{"line":157,"column":84}},"117":{"start":{"line":158,"column":28},"end":{"line":158,"column":81}},"118":{"start":{"line":160,"column":10},"end":{"line":164,"column":null}},"119":{"start":{"line":160,"column":23},"end":{"line":160,"column":34}},"120":{"start":{"line":161,"column":12},"end":{"line":163,"column":null}},"121":{"start":{"line":162,"column":14},"end":{"line":162,"column":null}},"122":{"start":{"line":165,"column":15},"end":{"line":173,"column":null}},"123":{"start":{"line":166,"column":30},"end":{"line":166,"column":61}},"124":{"start":{"line":167,"column":28},"end":{"line":167,"column":58}},"125":{"start":{"line":168,"column":10},"end":{"line":172,"column":null}},"126":{"start":{"line":168,"column":23},"end":{"line":168,"column":34}},"127":{"start":{"line":169,"column":12},"end":{"line":171,"column":null}},"128":{"start":{"line":170,"column":14},"end":{"line":170,"column":null}},"129":{"start":{"line":175,"column":6},"end":{"line":175,"column":null}},"130":{"start":{"line":179,"column":6},"end":{"line":179,"column":null}},"131":{"start":{"line":181,"column":2},"end":{"line":181,"column":null}}},"fnMap":{"0":{"name":"generateShapeMask","decl":{"start":{"line":13,"column":16},"end":{"line":13,"column":33}},"loc":{"start":{"line":16,"column":30},"end":{"line":182,"column":null}}},"1":{"name":"(anonymous_1)","decl":{"start":{"line":20,"column":9},"end":{"line":20,"column":15}},"loc":{"start":{"line":20,"column":15},"end":{"line":20,"column":39}}}},"branchMap":{"0":{"loc":{"start":{"line":15,"column":2},"end":{"line":15,"column":28}},"type":"default-arg","locations":[{"start":{"line":15,"column":18},"end":{"line":15,"column":28}}]},"1":{"loc":{"start":{"line":16,"column":2},"end":{"line":16,"column":30}},"type":"default-arg","locations":[{"start":{"line":16,"column":19},"end":{"line":16,"column":30}}]},"2":{"loc":{"start":{"line":24,"column":2},"end":{"line":180,"column":null}},"type":"switch","locations":[{"start":{"line":25,"column":4},"end":{"line":35,"column":null}},{"start":{"line":37,"column":4},"end":{"line":51,"column":null}},{"start":{"line":53,"column":4},"end":{"line":73,"column":null}},{"start":{"line":75,"column":4},"end":{"line":109,"column":null}},{"start":{"line":111,"column":4},"end":{"line":142,"column":null}},{"start":{"line":144,"column":4},"end":{"line":175,"column":null}},{"start":{"line":177,"column":4},"end":{"line":179,"column":null}}]},"3":{"loc":{"start":{"line":30,"column":10},"end":{"line":32,"column":null}},"type":"if","locations":[{"start":{"line":30,"column":10},"end":{"line":32,"column":null}}]},"4":{"loc":{"start":{"line":46,"column":10},"end":{"line":48,"column":null}},"type":"if","locations":[{"start":{"line":46,"column":10},"end":{"line":48,"column":null}}]},"5":{"loc":{"start":{"line":46,"column":14},"end":{"line":46,"column":57}},"type":"binary-expr","locations":[{"start":{"line":46,"column":14},"end":{"line":46,"column":20}},{"start":{"line":46,"column":24},"end":{"line":46,"column":33}},{"start":{"line":46,"column":37},"end":{"line":46,"column":43}},{"start":{"line":46,"column":47},"end":{"line":46,"column":57}}]},"6":{"loc":{"start":{"line":61,"column":8},"end":{"line":71,"column":null}},"type":"if","locations":[{"start":{"line":61,"column":8},"end":{"line":71,"column":null}}]},"7":{"loc":{"start":{"line":61,"column":12},"end":{"line":61,"column":32}},"type":"binary-expr","locations":[{"start":{"line":61,"column":12},"end":{"line":61,"column":18}},{"start":{"line":61,"column":22},"end":{"line":61,"column":32}}]},"8":{"loc":{"start":{"line":62,"column":27},"end":{"line":62,"column":82}},"type":"cond-expr","locations":[{"start":{"line":62,"column":49},"end":{"line":62,"column":50}},{"start":{"line":62,"column":53},"end":{"line":62,"column":82}}]},"9":{"loc":{"start":{"line":67,"column":12},"end":{"line":69,"column":null}},"type":"if","locations":[{"start":{"line":67,"column":12},"end":{"line":69,"column":null}}]},"10":{"loc":{"start":{"line":67,"column":16},"end":{"line":67,"column":35}},"type":"binary-expr","locations":[{"start":{"line":67,"column":16},"end":{"line":67,"column":22}},{"start":{"line":67,"column":26},"end":{"line":67,"column":35}}]},"11":{"loc":{"start":{"line":91,"column":10},"end":{"line":93,"column":null}},"type":"if","locations":[{"start":{"line":91,"column":10},"end":{"line":93,"column":null}}]},"12":{"loc":{"start":{"line":91,"column":14},"end":{"line":91,"column":57}},"type":"binary-expr","locations":[{"start":{"line":91,"column":14},"end":{"line":91,"column":20}},{"start":{"line":91,"column":24},"end":{"line":91,"column":33}},{"start":{"line":91,"column":37},"end":{"line":91,"column":43}},{"start":{"line":91,"column":47},"end":{"line":91,"column":57}}]},"13":{"loc":{"start":{"line":97,"column":8},"end":{"line":107,"column":null}},"type":"if","locations":[{"start":{"line":97,"column":8},"end":{"line":107,"column":null}}]},"14":{"loc":{"start":{"line":97,"column":12},"end":{"line":97,"column":32}},"type":"binary-expr","locations":[{"start":{"line":97,"column":12},"end":{"line":97,"column":18}},{"start":{"line":97,"column":22},"end":{"line":97,"column":32}}]},"15":{"loc":{"start":{"line":98,"column":27},"end":{"line":98,"column":79}},"type":"cond-expr","locations":[{"start":{"line":98,"column":47},"end":{"line":98,"column":48}},{"start":{"line":98,"column":51},"end":{"line":98,"column":79}}]},"16":{"loc":{"start":{"line":103,"column":12},"end":{"line":105,"column":null}},"type":"if","locations":[{"start":{"line":103,"column":12},"end":{"line":105,"column":null}}]},"17":{"loc":{"start":{"line":103,"column":16},"end":{"line":103,"column":35}},"type":"binary-expr","locations":[{"start":{"line":103,"column":16},"end":{"line":103,"column":22}},{"start":{"line":103,"column":26},"end":{"line":103,"column":35}}]},"18":{"loc":{"start":{"line":126,"column":8},"end":{"line":132,"column":null}},"type":"if","locations":[{"start":{"line":126,"column":8},"end":{"line":132,"column":null}},{"start":{"line":128,"column":15},"end":{"line":132,"column":null}}]},"19":{"loc":{"start":{"line":126,"column":12},"end":{"line":126,"column":51}},"type":"binary-expr","locations":[{"start":{"line":126,"column":12},"end":{"line":126,"column":30}},{"start":{"line":126,"column":34},"end":{"line":126,"column":51}}]},"20":{"loc":{"start":{"line":127,"column":21},"end":{"line":127,"column":110}},"type":"cond-expr","locations":[{"start":{"line":127,"column":43},"end":{"line":127,"column":55}},{"start":{"line":127,"column":59},"end":{"line":127,"column":110}}]},"21":{"loc":{"start":{"line":128,"column":15},"end":{"line":132,"column":null}},"type":"if","locations":[{"start":{"line":128,"column":15},"end":{"line":132,"column":null}},{"start":{"line":130,"column":15},"end":{"line":132,"column":null}}]},"22":{"loc":{"start":{"line":128,"column":19},"end":{"line":128,"column":57}},"type":"binary-expr","locations":[{"start":{"line":128,"column":19},"end":{"line":128,"column":35}},{"start":{"line":128,"column":39},"end":{"line":128,"column":57}}]},"23":{"loc":{"start":{"line":130,"column":15},"end":{"line":132,"column":null}},"type":"if","locations":[{"start":{"line":130,"column":15},"end":{"line":132,"column":null}}]},"24":{"loc":{"start":{"line":130,"column":19},"end":{"line":130,"column":63}},"type":"binary-expr","locations":[{"start":{"line":130,"column":19},"end":{"line":130,"column":39}},{"start":{"line":130,"column":43},"end":{"line":130,"column":63}}]},"25":{"loc":{"start":{"line":131,"column":21},"end":{"line":131,"column":113}},"type":"cond-expr","locations":[{"start":{"line":131,"column":43},"end":{"line":131,"column":55}},{"start":{"line":131,"column":59},"end":{"line":131,"column":113}}]},"26":{"loc":{"start":{"line":137,"column":10},"end":{"line":139,"column":null}},"type":"if","locations":[{"start":{"line":137,"column":10},"end":{"line":139,"column":null}}]},"27":{"loc":{"start":{"line":137,"column":14},"end":{"line":137,"column":33}},"type":"binary-expr","locations":[{"start":{"line":137,"column":14},"end":{"line":137,"column":20}},{"start":{"line":137,"column":24},"end":{"line":137,"column":33}}]},"28":{"loc":{"start":{"line":153,"column":8},"end":{"line":173,"column":null}},"type":"if","locations":[{"start":{"line":153,"column":8},"end":{"line":173,"column":null}},{"start":{"line":165,"column":15},"end":{"line":173,"column":null}}]},"29":{"loc":{"start":{"line":153,"column":12},"end":{"line":153,"column":77}},"type":"binary-expr","locations":[{"start":{"line":153,"column":12},"end":{"line":153,"column":18}},{"start":{"line":153,"column":22},"end":{"line":153,"column":32}},{"start":{"line":153,"column":36},"end":{"line":153,"column":77}}]},"30":{"loc":{"start":{"line":161,"column":12},"end":{"line":163,"column":null}},"type":"if","locations":[{"start":{"line":161,"column":12},"end":{"line":163,"column":null}}]},"31":{"loc":{"start":{"line":161,"column":16},"end":{"line":161,"column":35}},"type":"binary-expr","locations":[{"start":{"line":161,"column":16},"end":{"line":161,"column":22}},{"start":{"line":161,"column":26},"end":{"line":161,"column":35}}]},"32":{"loc":{"start":{"line":165,"column":15},"end":{"line":173,"column":null}},"type":"if","locations":[{"start":{"line":165,"column":15},"end":{"line":173,"column":null}}]},"33":{"loc":{"start":{"line":165,"column":19},"end":{"line":165,"column":110}},"type":"binary-expr","locations":[{"start":{"line":165,"column":19},"end":{"line":165,"column":25}},{"start":{"line":165,"column":29},"end":{"line":165,"column":39}},{"start":{"line":165,"column":43},"end":{"line":165,"column":84}},{"start":{"line":165,"column":88},"end":{"line":165,"column":110}}]},"34":{"loc":{"start":{"line":169,"column":12},"end":{"line":171,"column":null}},"type":"if","locations":[{"start":{"line":169,"column":12},"end":{"line":171,"column":null}}]},"35":{"loc":{"start":{"line":169,"column":16},"end":{"line":169,"column":35}},"type":"binary-expr","locations":[{"start":{"line":169,"column":16},"end":{"line":169,"column":22}},{"start":{"line":169,"column":26},"end":{"line":169,"column":35}}]}},"s":{"0":5,"1":5,"2":5,"3":44,"4":2640,"5":44,"6":44,"7":44,"8":8,"9":8,"10":8,"11":480,"12":480,"13":28800,"14":28800,"15":19776,"16":8,"17":6,"18":6,"19":6,"20":6,"21":6,"22":6,"23":6,"24":6,"25":252,"26":252,"27":10584,"28":10584,"29":6,"30":5,"31":5,"32":5,"33":5,"34":5,"35":5,"36":5,"37":230,"38":230,"39":230,"40":230,"41":230,"42":230,"43":230,"44":5730,"45":5730,"46":5,"47":5,"48":5,"49":5,"50":5,"51":5,"52":5,"53":5,"54":5,"55":5,"56":5,"57":5,"58":5,"59":5,"60":5,"61":180,"62":180,"63":2880,"64":2880,"65":5,"66":5,"67":60,"68":60,"69":60,"70":60,"71":60,"72":60,"73":60,"74":460,"75":460,"76":5,"77":6,"78":6,"79":6,"80":6,"81":6,"82":6,"83":6,"84":6,"85":6,"86":6,"87":6,"88":6,"89":6,"90":360,"91":360,"92":90,"93":270,"94":180,"95":90,"96":90,"97":360,"98":360,"99":360,"100":360,"101":6012,"102":6012,"103":6,"104":6,"105":6,"106":6,"107":6,"108":6,"109":6,"110":6,"111":6,"112":312,"113":312,"114":312,"115":312,"116":312,"117":312,"118":312,"119":312,"120":3582,"121":3582,"122":0,"123":0,"124":0,"125":0,"126":0,"127":0,"128":0,"129":6,"130":8,"131":44},"f":{"0":44,"1":2640},"b":{"0":[1],"1":[1],"2":[8,6,5,5,6,6,8],"3":[19776],"4":[10584],"5":[10584,10584,10584,10584],"6":[230],"7":[230,230],"8":[0,230],"9":[5730],"10":[5730,5730],"11":[2880],"12":[2880,2880,2880,2880],"13":[60],"14":[60,60],"15":[0,60],"16":[460],"17":[460,460],"18":[90,270],"19":[360,360],"20":[0,90],"21":[180,90],"22":[270,270],"23":[90],"24":[90,90],"25":[0,90],"26":[6012],"27":[6012,6012],"28":[312,0],"29":[312,312,312],"30":[3582],"31":[3582,3582],"32":[0],"33":[0,0,0,0],"34":[0],"35":[0,0]}}
,"/app/src/stone.ts": {"path":"/app/src/stone.ts","statementMap":{"0":{"start":{"line":27,"column":0},"end":{"line":27,"column":16}},"1":{"start":{"line":42,"column":0},"end":{"line":42,"column":16}},"2":{"start":{"line":53,"column":0},"end":{"line":53,"column":16}},"3":{"start":{"line":96,"column":0},"end":{"line":96,"column":16}},"4":{"start":{"line":114,"column":0},"end":{"line":114,"column":16}},"5":{"start":{"line":17,"column":13},"end":{"line":17,"column":null}},"6":{"start":{"line":19,"column":13},"end":{"line":19,"column":null}},"7":{"start":{"line":28,"column":2},"end":{"line":33,"column":null}},"8":{"start":{"line":29,"column":13},"end":{"line":29,"column":32}},"9":{"start":{"line":30,"column":4},"end":{"line":30,"column":null}},"10":{"start":{"line":31,"column":4},"end":{"line":31,"column":null}},"11":{"start":{"line":32,"column":4},"end":{"line":32,"column":null}},"12":{"start":{"line":44,"column":2},"end":{"line":44,"column":null}},"13":{"start":{"line":54,"column":15},"end":{"line":54,"column":31}},"14":{"start":{"line":59,"column":21},"end":{"line":59,"column":55}},"15":{"start":{"line":60,"column":16},"end":{"line":60,"column":34}},"16":{"start":{"line":62,"column":17},"end":{"line":62,"column":41}},"17":{"start":{"line":64,"column":17},"end":{"line":64,"column":45}},"18":{"start":{"line":66,"column":21},"end":{"line":66,"column":55}},"19":{"start":{"line":67,"column":16},"end":{"line":67,"column":34}},"20":{"start":{"line":71,"column":19},"end":{"line":71,"column":48}},"21":{"start":{"line":74,"column":28},"end":{"line":74,"column":58}},"22":{"start":{"line":76,"column":16},"end":{"line":76,"column":40}},"23":{"start":{"line":78,"column":2},"end":{"line":87,"column":null}},"24":{"start":{"line":104,"column":16},"end":{"line":104,"column":97}},"25":{"start":{"line":105,"column":2},"end":{"line":105,"column":null}},"26":{"start":{"line":115,"column":20},"end":{"line":115,"column":46}},"27":{"start":{"line":116,"column":20},"end":{"line":116,"column":30}},"28":{"start":{"line":117,"column":2},"end":{"line":120,"column":null}}},"fnMap":{"0":{"name":"mulberry32","decl":{"start":{"line":27,"column":16},"end":{"line":27,"column":26}},"loc":{"start":{"line":27,"column":39},"end":{"line":34,"column":null}}},"1":{"name":"(anonymous_1)","decl":{"start":{"line":28,"column":9},"end":{"line":28,"column":null}},"loc":{"start":{"line":28,"column":9},"end":{"line":33,"column":3}}},"2":{"name":"generateNewStoneSeed","decl":{"start":{"line":42,"column":16},"end":{"line":42,"column":36}},"loc":{"start":{"line":42,"column":55},"end":{"line":45,"column":null}}},"3":{"name":"deriveStoneQualities","decl":{"start":{"line":53,"column":16},"end":{"line":53,"column":36}},"loc":{"start":{"line":53,"column":49},"end":{"line":88,"column":null}}},"4":{"name":"calculateStonePower","decl":{"start":{"line":96,"column":16},"end":{"line":96,"column":35}},"loc":{"start":{"line":96,"column":57},"end":{"line":106,"column":null}}},"5":{"name":"createStone","decl":{"start":{"line":114,"column":16},"end":{"line":114,"column":27}},"loc":{"start":{"line":114,"column":40},"end":{"line":121,"column":null}}}},"branchMap":{},"s":{"0":12,"1":12,"2":12,"3":12,"4":12,"5":12,"6":12,"7":458,"8":15250,"9":15250,"10":15250,"11":15250,"12":411,"13":443,"14":443,"15":443,"16":443,"17":443,"18":443,"19":443,"20":443,"21":443,"22":443,"23":443,"24":6,"25":6,"26":439,"27":439,"28":439},"f":{"0":458,"1":15250,"2":411,"3":443,"4":6,"5":439},"b":{}}
,"/app/src/store.ts": {"path":"/app/src/store.ts","statementMap":{"0":{"start":{"line":36,"column":0},"end":{"line":36,"column":16}},"1":{"start":{"line":63,"column":0},"end":{"line":63,"column":16}},"2":{"start":{"line":68,"column":0},"end":{"line":68,"column":16}},"3":{"start":{"line":82,"column":0},"end":{"line":82,"column":16}},"4":{"start":{"line":98,"column":0},"end":{"line":98,"column":16}},"5":{"start":{"line":124,"column":0},"end":{"line":124,"column":16}},"6":{"start":{"line":1,"column":0},"end":{"line":1,"column":null}},"7":{"start":{"line":2,"column":0},"end":{"line":2,"column":null}},"8":{"start":{"line":3,"column":0},"end":{"line":3,"column":null}},"9":{"start":{"line":4,"column":0},"end":{"line":4,"column":76}},"10":{"start":{"line":37,"column":2},"end":{"line":48,"column":null}},"11":{"start":{"line":52,"column":46},"end":{"line":52,"column":89}},"12":{"start":{"line":197,"column":2},"end":{"line":197,"column":null}},"13":{"start":{"line":198,"column":2},"end":{"line":198,"column":null}},"14":{"start":{"line":53,"column":54},"end":{"line":54,"column":null}},"15":{"start":{"line":199,"column":2},"end":{"line":199,"column":null}},"16":{"start":{"line":200,"column":2},"end":{"line":200,"column":null}},"17":{"start":{"line":56,"column":42},"end":{"line":56,"column":69}},"18":{"start":{"line":201,"column":2},"end":{"line":201,"column":null}},"19":{"start":{"line":57,"column":52},"end":{"line":57,"column":78}},"20":{"start":{"line":203,"column":2},"end":{"line":203,"column":null}},"21":{"start":{"line":204,"column":2},"end":{"line":204,"column":null}},"22":{"start":{"line":58,"column":44},"end":{"line":58,"column":78}},"23":{"start":{"line":205,"column":2},"end":{"line":205,"column":null}},"24":{"start":{"line":206,"column":2},"end":{"line":206,"column":null}},"25":{"start":{"line":61,"column":47},"end":{"line":61,"column":51}},"26":{"start":{"line":64,"column":2},"end":{"line":64,"column":null}},"27":{"start":{"line":65,"column":2},"end":{"line":65,"column":58}},"28":{"start":{"line":69,"column":2},"end":{"line":72,"column":null}},"29":{"start":{"line":70,"column":4},"end":{"line":70,"column":null}},"30":{"start":{"line":71,"column":4},"end":{"line":71,"column":null}},"31":{"start":{"line":73,"column":2},"end":{"line":73,"column":null}},"32":{"start":{"line":83,"column":2},"end":{"line":88,"column":null}},"33":{"start":{"line":85,"column":6},"end":{"line":85,"column":null}},"34":{"start":{"line":86,"column":6},"end":{"line":86,"column":57}},"35":{"start":{"line":86,"column":30},"end":{"line":86,"column":55}},"36":{"start":{"line":99,"column":2},"end":{"line":99,"column":71}},"37":{"start":{"line":100,"column":35},"end":{"line":100,"column":37}},"38":{"start":{"line":101,"column":15},"end":{"line":101,"column":28}},"39":{"start":{"line":102,"column":2},"end":{"line":112,"column":null}},"40":{"start":{"line":102,"column":15},"end":{"line":102,"column":16}},"41":{"start":{"line":103,"column":30},"end":{"line":103,"column":56}},"42":{"start":{"line":104,"column":26},"end":{"line":104,"column":56}},"43":{"start":{"line":106,"column":25},"end":{"line":106,"column":97}},"44":{"start":{"line":107,"column":4},"end":{"line":111,"column":null}},"45":{"start":{"line":113,"column":2},"end":{"line":113,"column":null}},"46":{"start":{"line":114,"column":2},"end":{"line":114,"column":43}},"47":{"start":{"line":115,"column":2},"end":{"line":115,"column":null}},"48":{"start":{"line":125,"column":2},"end":{"line":132,"column":null}},"49":{"start":{"line":126,"column":4},"end":{"line":128,"column":null}},"50":{"start":{"line":129,"column":4},"end":{"line":129,"column":27}},"51":{"start":{"line":134,"column":2},"end":{"line":136,"column":null}},"52":{"start":{"line":135,"column":4},"end":{"line":135,"column":null}},"53":{"start":{"line":139,"column":2},"end":{"line":145,"column":null}},"54":{"start":{"line":140,"column":5},"end":{"line":140,"column":null}},"55":{"start":{"line":141,"column":5},"end":{"line":141,"column":null}},"56":{"start":{"line":142,"column":5},"end":{"line":144,"column":null}},"57":{"start":{"line":143,"column":8},"end":{"line":143,"column":null}},"58":{"start":{"line":146,"column":2},"end":{"line":146,"column":null}},"59":{"start":{"line":147,"column":2},"end":{"line":147,"column":null}},"60":{"start":{"line":152,"column":26},"end":{"line":152,"column":52}},"61":{"start":{"line":154,"column":24},"end":{"line":164,"column":1}},"62":{"start":{"line":155,"column":2},"end":{"line":163,"column":null}},"63":{"start":{"line":156,"column":23},"end":{"line":156,"column":54}},"64":{"start":{"line":157,"column":4},"end":{"line":157,"column":null}},"65":{"start":{"line":160,"column":4},"end":{"line":160,"column":null}},"66":{"start":{"line":154,"column":13},"end":{"line":154,"column":24}},"67":{"start":{"line":166,"column":24},"end":{"line":193,"column":1}},"68":{"start":{"line":167,"column":2},"end":{"line":192,"column":null}},"69":{"start":{"line":168,"column":28},"end":{"line":168,"column":67}},"70":{"start":{"line":169,"column":4},"end":{"line":187,"column":null}},"71":{"start":{"line":170,"column":25},"end":{"line":170,"column":73}},"72":{"start":{"line":171,"column":23},"end":{"line":171,"column":43}},"73":{"start":{"line":172,"column":38},"end":{"line":175,"column":null}},"74":{"start":{"line":173,"column":79},"end":{"line":173,"column":85}},"75":{"start":{"line":176,"column":6},"end":{"line":176,"column":null}},"76":{"start":{"line":177,"column":6},"end":{"line":177,"column":null}},"77":{"start":{"line":179,"column":6},"end":{"line":183,"column":null}},"78":{"start":{"line":181,"column":8},"end":{"line":181,"column":null}},"79":{"start":{"line":181,"column":39},"end":{"line":181,"column":null}},"80":{"start":{"line":182,"column":8},"end":{"line":182,"column":null}},"81":{"start":{"line":185,"column":6},"end":{"line":185,"column":null}},"82":{"start":{"line":186,"column":6},"end":{"line":186,"column":null}},"83":{"start":{"line":189,"column":4},"end":{"line":189,"column":null}},"84":{"start":{"line":190,"column":4},"end":{"line":190,"column":null}},"85":{"start":{"line":191,"column":4},"end":{"line":191,"column":null}},"86":{"start":{"line":166,"column":13},"end":{"line":166,"column":24}},"87":{"start":{"line":210,"column":0},"end":{"line":210,"column":null}}},"fnMap":{"0":{"name":"getDefaultSaveData","decl":{"start":{"line":36,"column":16},"end":{"line":36,"column":34}},"loc":{"start":{"line":36,"column":34},"end":{"line":49,"column":null}}},"1":{"name":"initializeGamePrng","decl":{"start":{"line":63,"column":16},"end":{"line":63,"column":34}},"loc":{"start":{"line":63,"column":56},"end":{"line":66,"column":null}}},"2":{"name":"getGamePrng","decl":{"start":{"line":68,"column":16},"end":{"line":68,"column":27}},"loc":{"start":{"line":68,"column":27},"end":{"line":74,"column":null}}},"3":{"name":"addStoneToInventory","decl":{"start":{"line":82,"column":16},"end":{"line":82,"column":35}},"loc":{"start":{"line":82,"column":57},"end":{"line":91,"column":null}}},"4":{"name":"(anonymous_5)","decl":{"start":{"line":84,"column":12},"end":{"line":84,"column":13}},"loc":{"start":{"line":84,"column":16},"end":{"line":87,"column":5}}},"5":{"name":"(anonymous_6)","decl":{"start":{"line":86,"column":20},"end":{"line":86,"column":21}},"loc":{"start":{"line":86,"column":30},"end":{"line":86,"column":55}}},"6":{"name":"generateOpponentList","decl":{"start":{"line":98,"column":16},"end":{"line":98,"column":36}},"loc":{"start":{"line":98,"column":56},"end":{"line":117,"column":null}}},"7":{"name":"getCurrentOpponent","decl":{"start":{"line":124,"column":16},"end":{"line":124,"column":34}},"loc":{"start":{"line":124,"column":34},"end":{"line":148,"column":null}}},"8":{"name":"(anonymous_9)","decl":{"start":{"line":154,"column":24},"end":{"line":154,"column":29}},"loc":{"start":{"line":154,"column":29},"end":{"line":164,"column":1}}},"9":{"name":"(anonymous_10)","decl":{"start":{"line":166,"column":24},"end":{"line":166,"column":29}},"loc":{"start":{"line":166,"column":29},"end":{"line":193,"column":1}}},"10":{"name":"(anonymous_11)","decl":{"start":{"line":173,"column":73},"end":{"line":173,"column":74}},"loc":{"start":{"line":173,"column":79},"end":{"line":173,"column":85}}}},"branchMap":{"0":{"loc":{"start":{"line":69,"column":2},"end":{"line":72,"column":null}},"type":"if","locations":[{"start":{"line":69,"column":2},"end":{"line":72,"column":null}}]},"1":{"loc":{"start":{"line":98,"column":37},"end":{"line":98,"column":56}},"type":"default-arg","locations":[{"start":{"line":98,"column":53},"end":{"line":98,"column":56}}]},"2":{"loc":{"start":{"line":125,"column":2},"end":{"line":132,"column":null}},"type":"if","locations":[{"start":{"line":125,"column":2},"end":{"line":132,"column":null}}]},"3":{"loc":{"start":{"line":125,"column":6},"end":{"line":125,"column":89}},"type":"binary-expr","locations":[{"start":{"line":125,"column":6},"end":{"line":125,"column":61}},{"start":{"line":125,"column":65},"end":{"line":125,"column":89}}]},"4":{"loc":{"start":{"line":134,"column":2},"end":{"line":136,"column":null}},"type":"if","locations":[{"start":{"line":134,"column":2},"end":{"line":136,"column":null}}]},"5":{"loc":{"start":{"line":134,"column":6},"end":{"line":134,"column":88}},"type":"binary-expr","locations":[{"start":{"line":134,"column":6},"end":{"line":134,"column":30}},{"start":{"line":134,"column":34},"end":{"line":134,"column":88}}]},"6":{"loc":{"start":{"line":139,"column":2},"end":{"line":145,"column":null}},"type":"if","locations":[{"start":{"line":139,"column":2},"end":{"line":145,"column":null}}]},"7":{"loc":{"start":{"line":142,"column":5},"end":{"line":144,"column":null}},"type":"if","locations":[{"start":{"line":142,"column":5},"end":{"line":144,"column":null}}]},"8":{"loc":{"start":{"line":142,"column":9},"end":{"line":142,"column":91}},"type":"binary-expr","locations":[{"start":{"line":142,"column":9},"end":{"line":142,"column":33}},{"start":{"line":142,"column":37},"end":{"line":142,"column":91}}]},"9":{"loc":{"start":{"line":169,"column":4},"end":{"line":187,"column":null}},"type":"if","locations":[{"start":{"line":169,"column":4},"end":{"line":187,"column":null}},{"start":{"line":184,"column":11},"end":{"line":187,"column":null}}]},"10":{"loc":{"start":{"line":173,"column":16},"end":{"line":173,"column":105}},"type":"cond-expr","locations":[{"start":{"line":173,"column":51},"end":{"line":173,"column":87}},{"start":{"line":173,"column":90},"end":{"line":173,"column":105}}]},"11":{"loc":{"start":{"line":174,"column":23},"end":{"line":174,"column":null}},"type":"cond-expr","locations":[{"start":{"line":174,"column":50},"end":{"line":174,"column":79}},{"start":{"line":174,"column":82},"end":{"line":174,"column":null}}]},"12":{"loc":{"start":{"line":179,"column":6},"end":{"line":183,"column":null}},"type":"if","locations":[{"start":{"line":179,"column":6},"end":{"line":183,"column":null}}]},"13":{"loc":{"start":{"line":179,"column":10},"end":{"line":179,"column":71}},"type":"binary-expr","locations":[{"start":{"line":179,"column":10},"end":{"line":179,"column":41}},{"start":{"line":179,"column":45},"end":{"line":179,"column":71}}]},"14":{"loc":{"start":{"line":181,"column":8},"end":{"line":181,"column":null}},"type":"if","locations":[{"start":{"line":181,"column":8},"end":{"line":181,"column":null}}]}},"s":{"0":9,"1":9,"2":9,"3":9,"4":9,"5":9,"6":9,"7":9,"8":9,"9":9,"10":84,"11":9,"12":9,"13":9,"14":9,"15":9,"16":9,"17":9,"18":9,"19":9,"20":9,"21":9,"22":9,"23":9,"24":9,"25":9,"26":13,"27":13,"28":25,"29":3,"30":3,"31":25,"32":2,"33":2,"34":2,"35":1,"36":17,"37":17,"38":17,"39":17,"40":17,"41":409,"42":409,"43":409,"44":409,"45":17,"46":17,"47":17,"48":6,"49":1,"50":1,"51":6,"52":5,"53":1,"54":1,"55":1,"56":1,"57":1,"58":0,"59":0,"60":9,"61":9,"62":1,"63":1,"64":1,"65":0,"66":9,"67":9,"68":13,"69":13,"70":13,"71":3,"72":2,"73":2,"74":2,"75":2,"76":2,"77":2,"78":2,"79":0,"80":2,"81":10,"82":10,"83":1,"84":1,"85":1,"86":9,"87":9},"f":{"0":84,"1":13,"2":25,"3":2,"4":2,"5":1,"6":17,"7":6,"8":1,"9":13,"10":2},"b":{"0":[3],"1":[4],"2":[1],"3":[6,2],"4":[5],"5":[6,5],"6":[1],"7":[1],"8":[1,1],"9":[3,10],"10":[2,0],"11":[1,1],"12":[2],"13":[2,2],"14":[0]}}
,"/app/src/utils.ts": {"path":"/app/src/utils.ts","statementMap":{"0":{"start":{"line":10,"column":0},"end":{"line":10,"column":16}},"1":{"start":{"line":29,"column":0},"end":{"line":29,"column":16}},"2":{"start":{"line":74,"column":0},"end":{"line":74,"column":16}},"3":{"start":{"line":1,"column":0},"end":{"line":1,"column":96}},"4":{"start":{"line":3,"column":29},"end":{"line":3,"column":32}},"5":{"start":{"line":11,"column":20},"end":{"line":11,"column":51}},"6":{"start":{"line":12,"column":23},"end":{"line":12,"column":50}},"7":{"start":{"line":14,"column":2},"end":{"line":20,"column":null}},"8":{"start":{"line":15,"column":24},"end":{"line":15,"column":55}},"9":{"start":{"line":16,"column":4},"end":{"line":18,"column":null}},"10":{"start":{"line":17,"column":6},"end":{"line":17,"column":null}},"11":{"start":{"line":19,"column":4},"end":{"line":19,"column":null}},"12":{"start":{"line":30,"column":2},"end":{"line":30,"column":47}},"13":{"start":{"line":31,"column":2},"end":{"line":31,"column":null}},"14":{"start":{"line":33,"column":2},"end":{"line":41,"column":null}},"15":{"start":{"line":34,"column":4},"end":{"line":40,"column":null}},"16":{"start":{"line":39,"column":6},"end":{"line":39,"column":30}},"17":{"start":{"line":79,"column":4},"end":{"line":79,"column":null}},"18":{"start":{"line":83,"column":4},"end":{"line":83,"column":null}}},"fnMap":{"0":{"name":"logMessage","decl":{"start":{"line":10,"column":16},"end":{"line":10,"column":26}},"loc":{"start":{"line":10,"column":42},"end":{"line":21,"column":null}}},"1":{"name":"(anonymous_1)","decl":{"start":{"line":14,"column":24},"end":{"line":14,"column":36}},"loc":{"start":{"line":14,"column":39},"end":{"line":20,"column":3}}},"2":{"name":"showMessage","decl":{"start":{"line":29,"column":16},"end":{"line":29,"column":27}},"loc":{"start":{"line":29,"column":110},"end":{"line":42,"column":null}}},"3":{"name":"(anonymous_3)","decl":{"start":{"line":34,"column":15},"end":{"line":34,"column":20}},"loc":{"start":{"line":34,"column":20},"end":{"line":40,"column":5}}},"4":{"name":"resetGameData","decl":{"start":{"line":74,"column":16},"end":{"line":74,"column":29}},"loc":{"start":{"line":74,"column":29},"end":{"line":84,"column":null}}}},"branchMap":{"0":{"loc":{"start":{"line":16,"column":4},"end":{"line":18,"column":null}},"type":"if","locations":[{"start":{"line":16,"column":4},"end":{"line":18,"column":null}}]},"1":{"loc":{"start":{"line":29,"column":42},"end":{"line":29,"column":65}},"type":"default-arg","locations":[{"start":{"line":29,"column":61},"end":{"line":29,"column":65}}]},"2":{"loc":{"start":{"line":29,"column":67},"end":{"line":29,"column":110}},"type":"default-arg","locations":[{"start":{"line":29,"column":104},"end":{"line":29,"column":110}}]},"3":{"loc":{"start":{"line":33,"column":2},"end":{"line":41,"column":null}},"type":"if","locations":[{"start":{"line":33,"column":2},"end":{"line":41,"column":null}}]}},"s":{"0":1,"1":1,"2":1,"3":1,"4":1,"5":0,"6":0,"7":0,"8":0,"9":0,"10":0,"11":0,"12":0,"13":0,"14":0,"15":0,"16":0,"17":0,"18":0},"f":{"0":0,"1":0,"2":0,"3":0,"4":0},"b":{"0":[0],"1":[0],"2":[0],"3":[0]}}
,"/app/src/components/ConsoleLog.tsx": {"path":"/app/src/components/ConsoleLog.tsx","statementMap":{"0":{"start":{"line":1,"column":0},"end":{"line":1,"column":null}},"1":{"start":{"line":2,"column":0},"end":{"line":2,"column":null}},"2":{"start":{"line":4,"column":30},"end":{"line":41,"column":1}},"3":{"start":{"line":7,"column":2},"end":{"line":14,"column":null}},"4":{"start":{"line":8,"column":4},"end":{"line":13,"column":null}},"5":{"start":{"line":9,"column":23},"end":{"line":9,"column":43}},"6":{"start":{"line":10,"column":6},"end":{"line":12,"column":null}},"7":{"start":{"line":11,"column":9},"end":{"line":11,"column":null}},"8":{"start":{"line":16,"column":44},"end":{"line":22,"column":null}},"9":{"start":{"line":24,"column":42},"end":{"line":27,"column":null}},"10":{"start":{"line":29,"column":2},"end":{"line":37,"column":null}},"11":{"start":{"line":29,"column":2},"end":{"line":29,"column":null}},"12":{"start":{"line":30,"column":37},"end":{"line":30,"column":53}},"13":{"start":{"line":30,"column":53},"end":{"line":30,"column":null}},"14":{"start":{"line":30,"column":53},"end":{"line":30,"column":37}},"15":{"start":{"line":30,"column":30},"end":{"line":37,"column":null}},"16":{"start":{"line":32,"column":15},"end":{"line":32,"column":null}},"17":{"start":{"line":33,"column":20},"end":{"line":35,"column":null}},"18":{"start":{"line":33,"column":20},"end":{"line":33,"column":null}},"19":{"start":{"line":33,"column":20},"end":{"line":34,"column":null}},"20":{"start":{"line":34,"column":34},"end":{"line":35,"column":null}},"21":{"start":{"line":35,"column":16},"end":{"line":35,"column":null}},"22":{"start":{"line":37,"column":9},"end":{"line":37,"column":null}},"23":{"start":{"line":43,"column":0},"end":{"line":43,"column":null}}},"fnMap":{"0":{"name":"(anonymous_0)","decl":{"start":{"line":4,"column":30},"end":{"line":4,"column":35}},"loc":{"start":{"line":4,"column":35},"end":{"line":41,"column":1}}},"1":{"name":"(anonymous_1)","decl":{"start":{"line":7,"column":15},"end":{"line":7,"column":20}},"loc":{"start":{"line":7,"column":20},"end":{"line":14,"column":3}}},"2":{"name":"(anonymous_2)","decl":{"start":{"line":29,"column":2},"end":{"line":29,"column":null}},"loc":{"start":{"line":29,"column":2},"end":{"line":37,"column":null}}},"3":{"name":"(anonymous_3)","decl":{"start":{"line":32,"column":10},"end":{"line":32,"column":11}},"loc":{"start":{"line":32,"column":15},"end":{"line":32,"column":null}}},"4":{"name":"(anonymous_4)","decl":{"start":{"line":33,"column":10},"end":{"line":33,"column":13}},"loc":{"start":{"line":33,"column":20},"end":{"line":35,"column":null}}},"5":{"name":"(anonymous_5)","decl":{"start":{"line":33,"column":20},"end":{"line":33,"column":null}},"loc":{"start":{"line":33,"column":20},"end":{"line":35,"column":null}}}},"branchMap":{"0":{"loc":{"start":{"line":8,"column":4},"end":{"line":13,"column":null}},"type":"if","locations":[{"start":{"line":8,"column":4},"end":{"line":13,"column":null}}]},"1":{"loc":{"start":{"line":10,"column":6},"end":{"line":12,"column":null}},"type":"if","locations":[{"start":{"line":10,"column":6},"end":{"line":12,"column":null}}]},"2":{"loc":{"start":{"line":30,"column":53},"end":{"line":30,"column":null}},"type":"cond-expr","locations":[{"start":{"line":30,"column":53},"end":{"line":30,"column":null}},{"start":{"line":30,"column":37},"end":{"line":30,"column":null}}]}},"s":{"0":2,"1":2,"2":2,"3":6,"4":8,"5":8,"6":8,"7":4,"8":6,"9":6,"10":6,"11":12,"12":6,"13":6,"14":6,"15":6,"16":8,"17":14,"18":14,"19":14,"20":14,"21":14,"22":6,"23":2},"f":{"0":6,"1":8,"2":6,"3":8,"4":14,"5":14},"b":{"0":[8],"1":[4],"2":[0,6]}}
,"/app/src/components/InventoryMenu.tsx": {"path":"/app/src/components/InventoryMenu.tsx","statementMap":{"0":{"start":{"line":1,"column":0},"end":{"line":1,"column":67}},"1":{"start":{"line":2,"column":0},"end":{"line":2,"column":null}},"2":{"start":{"line":4,"column":0},"end":{"line":4,"column":null}},"3":{"start":{"line":5,"column":0},"end":{"line":5,"column":null}},"4":{"start":{"line":12,"column":54},"end":{"line":110,"column":1}},"5":{"start":{"line":13,"column":44},"end":{"line":13,"column":77}},"6":{"start":{"line":14,"column":50},"end":{"line":14,"column":91}},"7":{"start":{"line":16,"column":22},"end":{"line":20,"column":3}},"8":{"start":{"line":17,"column":4},"end":{"line":17,"column":null}},"9":{"start":{"line":18,"column":4},"end":{"line":18,"column":31}},"10":{"start":{"line":19,"column":4},"end":{"line":19,"column":null}},"11":{"start":{"line":22,"column":29},"end":{"line":36,"column":3}},"12":{"start":{"line":23,"column":25},"end":{"line":23,"column":43}},"13":{"start":{"line":24,"column":4},"end":{"line":27,"column":null}},"14":{"start":{"line":25,"column":6},"end":{"line":25,"column":null}},"15":{"start":{"line":26,"column":6},"end":{"line":26,"column":null}},"16":{"start":{"line":29,"column":4},"end":{"line":29,"column":null}},"17":{"start":{"line":30,"column":4},"end":{"line":30,"column":null}},"18":{"start":{"line":31,"column":4},"end":{"line":31,"column":null}},"19":{"start":{"line":33,"column":4},"end":{"line":33,"column":null}},"20":{"start":{"line":34,"column":4},"end":{"line":34,"column":null}},"21":{"start":{"line":35,"column":4},"end":{"line":35,"column":null}},"22":{"start":{"line":38,"column":31},"end":{"line":40,"column":3}},"23":{"start":{"line":39,"column":4},"end":{"line":39,"column":null}},"24":{"start":{"line":43,"column":53},"end":{"line":43,"column":211}},"25":{"start":{"line":44,"column":44},"end":{"line":44,"column":145}},"26":{"start":{"line":45,"column":25},"end":{"line":50,"column":4}},"27":{"start":{"line":45,"column":69},"end":{"line":50,"column":4}},"28":{"start":{"line":51,"column":49},"end":{"line":51,"column":133}},"29":{"start":{"line":52,"column":41},"end":{"line":52,"column":146}},"30":{"start":{"line":54,"column":2},"end":{"line":104,"column":null}},"31":{"start":{"line":54,"column":2},"end":{"line":54,"column":null}},"32":{"start":{"line":54,"column":2},"end":{"line":55,"column":null}},"33":{"start":{"line":55,"column":39},"end":{"line":56,"column":null}},"34":{"start":{"line":56,"column":32},"end":{"line":57,"column":null}},"35":{"start":{"line":57,"column":26},"end":{"line":57,"column":55}},"36":{"start":{"line":57,"column":55},"end":{"line":67,"column":null}},"37":{"start":{"line":58,"column":17},"end":{"line":58,"column":43}},"38":{"start":{"line":58,"column":51},"end":{"line":58,"column":null}},"39":{"start":{"line":59,"column":24},"end":{"line":61,"column":null}},"40":{"start":{"line":59,"column":24},"end":{"line":59,"column":null}},"41":{"start":{"line":59,"column":24},"end":{"line":63,"column":null}},"42":{"start":{"line":63,"column":44},"end":{"line":62,"column":null}},"43":{"start":{"line":62,"column":29},"end":{"line":62,"column":56}},"44":{"start":{"line":62,"column":56},"end":{"line":65,"column":null}},"45":{"start":{"line":65,"column":15},"end":{"line":65,"column":41}},"46":{"start":{"line":65,"column":41},"end":{"line":61,"column":null}},"47":{"start":{"line":61,"column":63},"end":{"line":61,"column":null}},"48":{"start":{"line":67,"column":11},"end":{"line":71,"column":null}},"49":{"start":{"line":71,"column":37},"end":{"line":101,"column":null}},"50":{"start":{"line":73,"column":18},"end":{"line":73,"column":40}},"51":{"start":{"line":73,"column":48},"end":{"line":73,"column":null}},"52":{"start":{"line":75,"column":26},"end":{"line":75,"column":29}},"53":{"start":{"line":76,"column":12},"end":{"line":95,"column":null}},"54":{"start":{"line":78,"column":58},"end":{"line":78,"column":null}},"55":{"start":{"line":78,"column":58},"end":{"line":82,"column":null}},"56":{"start":{"line":82,"column":44},"end":{"line":82,"column":73}},"57":{"start":{"line":82,"column":73},"end":{"line":83,"column":null}},"58":{"start":{"line":83,"column":44},"end":{"line":83,"column":54}},"59":{"start":{"line":83,"column":54},"end":{"line":84,"column":null}},"60":{"start":{"line":84,"column":45},"end":{"line":84,"column":56}},"61":{"start":{"line":84,"column":56},"end":{"line":85,"column":null}},"62":{"start":{"line":85,"column":45},"end":{"line":85,"column":56}},"63":{"start":{"line":85,"column":56},"end":{"line":86,"column":null}},"64":{"start":{"line":86,"column":46},"end":{"line":86,"column":58}},"65":{"start":{"line":86,"column":58},"end":{"line":87,"column":null}},"66":{"start":{"line":87,"column":48},"end":{"line":87,"column":73}},"67":{"start":{"line":87,"column":73},"end":{"line":88,"column":null}},"68":{"start":{"line":88,"column":46},"end":{"line":88,"column":69}},"69":{"start":{"line":88,"column":69},"end":{"line":89,"column":null}},"70":{"start":{"line":89,"column":45},"end":{"line":89,"column":67}},"71":{"start":{"line":89,"column":67},"end":{"line":90,"column":null}},"72":{"start":{"line":90,"column":47},"end":{"line":90,"column":89}},"73":{"start":{"line":90,"column":89},"end":{"line":90,"column":null}},"74":{"start":{"line":90,"column":89},"end":{"line":93,"column":null}},"75":{"start":{"line":93,"column":43},"end":{"line":95,"column":null}},"76":{"start":{"line":94,"column":26},"end":{"line":94,"column":45}},"77":{"start":{"line":95,"column":23},"end":{"line":95,"column":112}},"78":{"start":{"line":95,"column":112},"end":{"line":95,"column":null}},"79":{"start":{"line":101,"column":9},"end":{"line":101,"column":null}},"80":{"start":{"line":101,"column":9},"end":{"line":104,"column":63}},"81":{"start":{"line":104,"column":31},"end":{"line":104,"column":54}},"82":{"start":{"line":104,"column":54},"end":{"line":104,"column":null}},"83":{"start":{"line":104,"column":128},"end":{"line":104,"column":null}},"84":{"start":{"line":112,"column":0},"end":{"line":112,"column":29}},"85":{"start":{"line":112,"column":29},"end":{"line":112,"column":null}}},"fnMap":{"0":{"name":"(anonymous_1)","decl":{"start":{"line":12,"column":54},"end":{"line":12,"column":59}},"loc":{"start":{"line":12,"column":63},"end":{"line":110,"column":1}}},"1":{"name":"(anonymous_2)","decl":{"start":{"line":16,"column":22},"end":{"line":16,"column":23}},"loc":{"start":{"line":16,"column":63},"end":{"line":20,"column":3}}},"2":{"name":"(anonymous_3)","decl":{"start":{"line":22,"column":29},"end":{"line":22,"column":34}},"loc":{"start":{"line":22,"column":34},"end":{"line":36,"column":3}}},"3":{"name":"(anonymous_4)","decl":{"start":{"line":38,"column":31},"end":{"line":38,"column":52}},"loc":{"start":{"line":38,"column":56},"end":{"line":40,"column":3}}},"4":{"name":"(anonymous_5)","decl":{"start":{"line":45,"column":25},"end":{"line":45,"column":44}},"loc":{"start":{"line":45,"column":69},"end":{"line":50,"column":4}}},"5":{"name":"(anonymous_6)","decl":{"start":{"line":54,"column":2},"end":{"line":54,"column":null}},"loc":{"start":{"line":54,"column":2},"end":{"line":104,"column":null}}},"6":{"name":"(anonymous_7)","decl":{"start":{"line":56,"column":32},"end":{"line":56,"column":null}},"loc":{"start":{"line":57,"column":26},"end":{"line":57,"column":55}}},"7":{"name":"(anonymous_8)","decl":{"start":{"line":58,"column":12},"end":{"line":58,"column":13}},"loc":{"start":{"line":58,"column":17},"end":{"line":58,"column":43}}},"8":{"name":"(anonymous_9)","decl":{"start":{"line":58,"column":41},"end":{"line":58,"column":43}},"loc":{"start":{"line":58,"column":51},"end":{"line":58,"column":null}}},"9":{"name":"(anonymous_10)","decl":{"start":{"line":59,"column":11},"end":{"line":59,"column":12}},"loc":{"start":{"line":59,"column":24},"end":{"line":61,"column":null}}},"10":{"name":"(anonymous_11)","decl":{"start":{"line":59,"column":24},"end":{"line":59,"column":null}},"loc":{"start":{"line":59,"column":24},"end":{"line":61,"column":null}}},"11":{"name":"(anonymous_12)","decl":{"start":{"line":62,"column":23},"end":{"line":62,"column":29}},"loc":{"start":{"line":62,"column":29},"end":{"line":62,"column":56}}},"12":{"name":"(anonymous_13)","decl":{"start":{"line":62,"column":56},"end":{"line":62,"column":null}},"loc":{"start":{"line":65,"column":15},"end":{"line":65,"column":41}}},"13":{"name":"(anonymous_14)","decl":{"start":{"line":65,"column":41},"end":{"line":65,"column":null}},"loc":{"start":{"line":65,"column":41},"end":{"line":61,"column":null}}},"14":{"name":"(anonymous_15)","decl":{"start":{"line":73,"column":13},"end":{"line":73,"column":14}},"loc":{"start":{"line":73,"column":18},"end":{"line":73,"column":40}}},"15":{"name":"(anonymous_16)","decl":{"start":{"line":73,"column":38},"end":{"line":73,"column":40}},"loc":{"start":{"line":73,"column":48},"end":{"line":73,"column":null}}},"16":{"name":"(anonymous_17)","decl":{"start":{"line":74,"column":12},"end":{"line":74,"column":13}},"loc":{"start":{"line":74,"column":17},"end":{"line":101,"column":9}}},"17":{"name":"(anonymous_18)","decl":{"start":{"line":78,"column":58},"end":{"line":78,"column":null}},"loc":{"start":{"line":78,"column":58},"end":{"line":78,"column":null}}},"18":{"name":"(anonymous_21)","decl":{"start":{"line":82,"column":73},"end":{"line":82,"column":null}},"loc":{"start":{"line":83,"column":44},"end":{"line":83,"column":54}}},"19":{"name":"(anonymous_22)","decl":{"start":{"line":83,"column":54},"end":{"line":83,"column":null}},"loc":{"start":{"line":84,"column":45},"end":{"line":84,"column":56}}},"20":{"name":"(anonymous_23)","decl":{"start":{"line":84,"column":56},"end":{"line":84,"column":null}},"loc":{"start":{"line":85,"column":45},"end":{"line":85,"column":56}}},"21":{"name":"(anonymous_24)","decl":{"start":{"line":85,"column":56},"end":{"line":85,"column":null}},"loc":{"start":{"line":86,"column":46},"end":{"line":86,"column":58}}},"22":{"name":"(anonymous_25)","decl":{"start":{"line":86,"column":58},"end":{"line":86,"column":null}},"loc":{"start":{"line":87,"column":48},"end":{"line":87,"column":73}}},"23":{"name":"(anonymous_26)","decl":{"start":{"line":87,"column":73},"end":{"line":87,"column":null}},"loc":{"start":{"line":88,"column":46},"end":{"line":88,"column":69}}},"24":{"name":"(anonymous_27)","decl":{"start":{"line":88,"column":69},"end":{"line":88,"column":null}},"loc":{"start":{"line":89,"column":45},"end":{"line":89,"column":67}}},"25":{"name":"(anonymous_28)","decl":{"start":{"line":89,"column":67},"end":{"line":89,"column":null}},"loc":{"start":{"line":90,"column":47},"end":{"line":90,"column":89}}},"26":{"name":"(anonymous_29)","decl":{"start":{"line":90,"column":89},"end":{"line":90,"column":null}},"loc":{"start":{"line":90,"column":89},"end":{"line":95,"column":null}}},"27":{"name":"(anonymous_30)","decl":{"start":{"line":93,"column":43},"end":{"line":93,"column":null}},"loc":{"start":{"line":93,"column":43},"end":{"line":95,"column":null}}},"28":{"name":"(anonymous_31)","decl":{"start":{"line":104,"column":25},"end":{"line":104,"column":31}},"loc":{"start":{"line":104,"column":31},"end":{"line":104,"column":54}}},"29":{"name":"(anonymous_32)","decl":{"start":{"line":104,"column":54},"end":{"line":104,"column":63}},"loc":{"start":{"line":104,"column":54},"end":{"line":104,"column":null}}}},"branchMap":{"0":{"loc":{"start":{"line":24,"column":4},"end":{"line":27,"column":null}},"type":"if","locations":[{"start":{"line":24,"column":4},"end":{"line":27,"column":null}}]},"1":{"loc":{"start":{"line":34,"column":26},"end":{"line":34,"column":64}},"type":"binary-expr","locations":[{"start":{"line":34,"column":26},"end":{"line":34,"column":43}},{"start":{"line":34,"column":47},"end":{"line":34,"column":64}}]},"2":{"loc":{"start":{"line":39,"column":14},"end":{"line":39,"column":65}},"type":"binary-expr","locations":[{"start":{"line":39,"column":14},"end":{"line":39,"column":24}},{"start":{"line":39,"column":28},"end":{"line":39,"column":65}}]},"3":{"loc":{"start":{"line":47,"column":24},"end":{"line":47,"column":55}},"type":"cond-expr","locations":[{"start":{"line":47,"column":37},"end":{"line":47,"column":46}},{"start":{"line":47,"column":49},"end":{"line":47,"column":55}}]},"4":{"loc":{"start":{"line":48,"column":11},"end":{"line":48,"column":41}},"type":"cond-expr","locations":[{"start":{"line":48,"column":24},"end":{"line":48,"column":31}},{"start":{"line":48,"column":34},"end":{"line":48,"column":41}}]},"5":{"loc":{"start":{"line":49,"column":12},"end":{"line":49,"column":null}},"type":"cond-expr","locations":[{"start":{"line":49,"column":25},"end":{"line":49,"column":44}},{"start":{"line":49,"column":47},"end":{"line":49,"column":null}}]},"6":{"loc":{"start":{"line":82,"column":44},"end":{"line":82,"column":73}},"type":"binary-expr","locations":[{"start":{"line":82,"column":44},"end":{"line":82,"column":54}},{"start":{"line":82,"column":58},"end":{"line":82,"column":73}}]},"7":{"loc":{"start":{"line":95,"column":112},"end":{"line":95,"column":null}},"type":"binary-expr","locations":[{"start":{"line":95,"column":112},"end":{"line":95,"column":null}},{"start":{"line":95,"column":112},"end":{"line":95,"column":null}}]}},"s":{"0":2,"1":2,"2":2,"3":2,"4":2,"5":7,"6":7,"7":7,"8":2,"9":2,"10":2,"11":7,"12":2,"13":2,"14":1,"15":1,"16":1,"17":1,"18":1,"19":1,"20":1,"21":1,"22":7,"23":18,"24":7,"25":7,"26":7,"27":24,"28":7,"29":7,"30":7,"31":70,"32":7,"33":7,"34":7,"35":7,"36":7,"37":7,"38":1,"39":18,"40":18,"41":18,"42":18,"43":2,"44":18,"45":18,"46":42,"47":18,"48":7,"49":7,"50":9,"51":7,"52":2,"53":2,"54":68,"55":2,"56":2,"57":2,"58":2,"59":2,"60":2,"61":2,"62":2,"63":2,"64":2,"65":2,"66":2,"67":2,"68":2,"69":2,"70":2,"71":2,"72":2,"73":4,"74":2,"75":2,"76":2,"77":2,"78":8,"79":7,"80":7,"81":1,"82":14,"83":7,"84":2,"85":2},"f":{"0":7,"1":2,"2":2,"3":18,"4":24,"5":7,"6":7,"7":7,"8":1,"9":18,"10":18,"11":2,"12":18,"13":24,"14":9,"15":7,"16":2,"17":6,"18":2,"19":2,"20":2,"21":2,"22":2,"23":2,"24":2,"25":2,"26":2,"27":2,"28":1,"29":7},"b":{"0":[1],"1":[1,0],"2":[18,6],"3":[2,22],"4":[2,22],"5":[2,22],"6":[2,0],"7":[2,2]}}
[...]
,"/app/src/components/StartMenu.tsx": {"path":"/app/src/components/StartMenu.tsx","statementMap":{"0":{"start":{"line":1,"column":0},"end":{"line":1,"column":null}},"1":{"start":{"line":2,"column":0},"end":{"line":2,"column":109}},"2":{"start":{"line":3,"column":0},"end":{"line":3,"column":null}},"3":{"start":{"line":4,"column":0},"end":{"line":4,"column":null}},"4":{"start":{"line":6,"column":29},"end":{"line":98,"column":1}},"5":{"start":{"line":7,"column":36},"end":{"line":7,"column":52}},"6":{"start":{"line":8,"column":48},"end":{"line":8,"column":64}},"7":{"start":{"line":10,"column":26},"end":{"line":63,"column":3}},"8":{"start":{"line":11,"column":17},"end":{"line":11,"column":53}},"9":{"start":{"line":12,"column":18},"end":{"line":12,"column":36}},"10":{"start":{"line":15,"column":4},"end":{"line":35,"column":null}},"11":{"start":{"line":17,"column":22},"end":{"line":17,"column":68}},"12":{"start":{"line":18,"column":6},"end":{"line":18,"column":53}},"13":{"start":{"line":19,"column":6},"end":{"line":19,"column":null}},"14":{"start":{"line":21,"column":25},"end":{"line":21,"column":46}},"15":{"start":{"line":22,"column":6},"end":{"line":34,"column":null}},"16":{"start":{"line":24,"column":25},"end":{"line":24,"column":26}},"17":{"start":{"line":25,"column":8},"end":{"line":28,"column":null}},"18":{"start":{"line":25,"column":21},"end":{"line":25,"column":22}},"19":{"start":{"line":26,"column":10},"end":{"line":26,"column":null}},"20":{"start":{"line":27,"column":10},"end":{"line":27,"column":26}},"21":{"start":{"line":29,"column":24},"end":{"line":29,"column":59}},"22":{"start":{"line":30,"column":8},"end":{"line":30,"column":null}},"23":{"start":{"line":31,"column":8},"end":{"line":31,"column":null}},"24":{"start":{"line":33,"column":8},"end":{"line":33,"column":36}},"25":{"start":{"line":37,"column":4},"end":{"line":37,"column":null}},"26":{"start":{"line":39,"column":4},"end":{"line":39,"column":33}},"27":{"start":{"line":41,"column":27},"end":{"line":41,"column":62}},"28":{"start":{"line":42,"column":23},"end":{"line":42,"column":50}},"29":{"start":{"line":43,"column":4},"end":{"line":43,"column":null}},"30":{"start":{"line":45,"column":4},"end":{"line":52,"column":null}},"31":{"start":{"line":54,"column":4},"end":{"line":61,"column":null}},"32":{"start":{"line":55,"column":6},"end":{"line":55,"column":null}},"33":{"start":{"line":56,"column":6},"end":{"line":56,"column":null}},"34":{"start":{"line":57,"column":6},"end":{"line":57,"column":null}},"35":{"start":{"line":59,"column":6},"end":{"line":59,"column":null}},"36":{"start":{"line":60,"column":6},"end":{"line":60,"column":96}},"37":{"start":{"line":65,"column":2},"end":{"line":84,"column":null}},"38":{"start":{"line":65,"column":2},"end":{"line":65,"column":null}},"39":{"start":{"line":65,"column":2},"end":{"line":74,"column":null}},"40":{"start":{"line":74,"column":26},"end":{"line":74,"column":67}},"41":{"start":{"line":74,"column":67},"end":{"line":74,"column":null}},"42":{"start":{"line":74,"column":67},"end":{"line":85,"column":null}},"43":{"start":{"line":85,"column":26},"end":{"line":85,"column":61}},"44":{"start":{"line":85,"column":61},"end":{"line":85,"column":null}},"45":{"start":{"line":85,"column":61},"end":{"line":91,"column":null}},"46":{"start":{"line":91,"column":32},"end":{"line":91,"column":null}},"47":{"start":{"line":91,"column":32},"end":{"line":73,"column":null}},"48":{"start":{"line":91,"column":32},"end":{"line":73,"column":34}},"49":{"start":{"line":73,"column":34},"end":{"line":84,"column":null}},"50":{"start":{"line":73,"column":34},"end":{"line":84,"column":28}},"51":{"start":{"line":84,"column":28},"end":{"line":84,"column":null}},"52":{"start":{"line":100,"column":0},"end":{"line":100,"column":25}},"53":{"start":{"line":100,"column":25},"end":{"line":100,"column":null}}},"fnMap":{"0":{"name":"(anonymous_0)","decl":{"start":{"line":6,"column":29},"end":{"line":6,"column":34}},"loc":{"start":{"line":6,"column":34},"end":{"line":98,"column":1}}},"1":{"name":"(anonymous_1)","decl":{"start":{"line":10,"column":26},"end":{"line":10,"column":31}},"loc":{"start":{"line":10,"column":31},"end":{"line":63,"column":3}}},"2":{"name":"(anonymous_2)","decl":{"start":{"line":65,"column":2},"end":{"line":65,"column":null}},"loc":{"start":{"line":65,"column":2},"end":{"line":84,"column":null}}},"3":{"name":"(anonymous_3)","decl":{"start":{"line":74,"column":20},"end":{"line":74,"column":21}},"loc":{"start":{"line":74,"column":26},"end":{"line":74,"column":67}}},"4":{"name":"(anonymous_4)","decl":{"start":{"line":85,"column":20},"end":{"line":85,"column":21}},"loc":{"start":{"line":85,"column":26},"end":{"line":85,"column":61}}},"5":{"name":"(anonymous_5)","decl":{"start":{"line":91,"column":32},"end":{"line":91,"column":null}},"loc":{"start":{"line":91,"column":32},"end":{"line":73,"column":34}}},"6":{"name":"(anonymous_6)","decl":{"start":{"line":73,"column":34},"end":{"line":73,"column":null}},"loc":{"start":{"line":73,"column":34},"end":{"line":84,"column":28}}}},"branchMap":{"0":{"loc":{"start":{"line":11,"column":17},"end":{"line":11,"column":53}},"type":"binary-expr","locations":[{"start":{"line":11,"column":17},"end":{"line":11,"column":41}},{"start":{"line":11,"column":45},"end":{"line":11,"column":53}}]},"1":{"loc":{"start":{"line":15,"column":4},"end":{"line":35,"column":null}},"type":"if","locations":[{"start":{"line":15,"column":4},"end":{"line":35,"column":null}},{"start":{"line":20,"column":11},"end":{"line":35,"column":null}}]},"2":{"loc":{"start":{"line":22,"column":6},"end":{"line":34,"column":null}},"type":"if","locations":[{"start":{"line":22,"column":6},"end":{"line":34,"column":null}},{"start":{"line":32,"column":13},"end":{"line":34,"column":null}}]}},"s":{"0":2,"1":2,"2":2,"3":2,"4":2,"5":7,"6":7,"7":7,"8":5,"9":5,"10":5,"11":3,"12":3,"13":3,"14":2,"15":2,"16":1,"17":1,"18":1,"19":14,"20":14,"21":1,"22":1,"23":1,"24":1,"25":5,"26":5,"27":5,"28":5,"29":5,"30":5,"31":5,"32":5,"33":5,"34":5,"35":0,"36":0,"37":7,"38":84,"39":7,"40":2,"41":21,"42":7,"43":2,"44":21,"45":7,"46":28,"47":7,"48":9,"49":7,"50":9,"51":7,"52":2,"53":2},"f":{"0":7,"1":5,"2":7,"3":2,"4":2,"5":9,"6":9},"b":{"0":[5,3],"1":[3,2],"2":[1,1]}}
,"/app/src/components/StoneInfo.tsx": {"path":"/app/src/components/StoneInfo.tsx","statementMap":{"0":{"start":{"line":1,"column":0},"end":{"line":1,"column":null}},"1":{"start":{"line":2,"column":0},"end":{"line":2,"column":64}},"2":{"start":{"line":4,"column":29},"end":{"line":39,"column":1}},"3":{"start":{"line":5,"column":2},"end":{"line":35,"column":null}},"4":{"start":{"line":5,"column":2},"end":{"line":5,"column":null}},"5":{"start":{"line":5,"column":2},"end":{"line":28,"column":null}},"6":{"start":{"line":9,"column":12},"end":{"line":9,"column":null}},"7":{"start":{"line":10,"column":16},"end":{"line":10,"column":null}},"8":{"start":{"line":13,"column":24},"end":{"line":13,"column":27}},"9":{"start":{"line":14,"column":10},"end":{"line":14,"column":34}},"10":{"start":{"line":14,"column":22},"end":{"line":14,"column":34}},"11":{"start":{"line":15,"column":10},"end":{"line":25,"column":null}},"12":{"start":{"line":15,"column":10},"end":{"line":15,"column":null}},"13":{"start":{"line":15,"column":10},"end":{"line":17,"column":null}},"14":{"start":{"line":17,"column":42},"end":{"line":17,"column":71}},"15":{"start":{"line":17,"column":71},"end":{"line":18,"column":null}},"16":{"start":{"line":18,"column":42},"end":{"line":18,"column":52}},"17":{"start":{"line":18,"column":52},"end":{"line":19,"column":null}},"18":{"start":{"line":19,"column":43},"end":{"line":19,"column":54}},"19":{"start":{"line":19,"column":54},"end":{"line":20,"column":null}},"20":{"start":{"line":20,"column":43},"end":{"line":20,"column":54}},"21":{"start":{"line":20,"column":54},"end":{"line":21,"column":null}},"22":{"start":{"line":21,"column":44},"end":{"line":21,"column":56}},"23":{"start":{"line":21,"column":56},"end":{"line":22,"column":null}},"24":{"start":{"line":22,"column":46},"end":{"line":22,"column":71}},"25":{"start":{"line":22,"column":71},"end":{"line":23,"column":null}},"26":{"start":{"line":23,"column":44},"end":{"line":23,"column":67}},"27":{"start":{"line":23,"column":67},"end":{"line":24,"column":null}},"28":{"start":{"line":24,"column":43},"end":{"line":24,"column":65}},"29":{"start":{"line":24,"column":65},"end":{"line":25,"column":null}},"30":{"start":{"line":25,"column":45},"end":{"line":25,"column":87}},"31":{"start":{"line":25,"column":87},"end":{"line":25,"column":null}},"32":{"start":{"line":28,"column":9},"end":{"line":32,"column":null}},"33":{"start":{"line":32,"column":34},"end":{"line":32,"column":69}},"34":{"start":{"line":32,"column":69},"end":{"line":35,"column":null}},"35":{"start":{"line":35,"column":37},"end":{"line":35,"column":61}},"36":{"start":{"line":35,"column":61},"end":{"line":35,"column":null}},"37":{"start":{"line":41,"column":0},"end":{"line":41,"column":null}}},"fnMap":{"0":{"name":"(anonymous_0)","decl":{"start":{"line":4,"column":29},"end":{"line":4,"column":34}},"loc":{"start":{"line":4,"column":34},"end":{"line":39,"column":1}}},"1":{"name":"(anonymous_1)","decl":{"start":{"line":5,"column":2},"end":{"line":5,"column":null}},"loc":{"start":{"line":5,"column":2},"end":{"line":35,"column":null}}},"2":{"name":"(anonymous_2)","decl":{"start":{"line":8,"column":11},"end":{"line":8,"column":null}},"loc":{"start":{"line":9,"column":12},"end":{"line":9,"column":null}}},"3":{"name":"(anonymous_3)","decl":{"start":{"line":9,"column":35},"end":{"line":9,"column":null}},"loc":{"start":{"line":10,"column":16},"end":{"line":10,"column":null}}},"4":{"name":"(anonymous_4)","decl":{"start":{"line":12,"column":10},"end":{"line":12,"column":11}},"loc":{"start":{"line":12,"column":15},"end":{"line":28,"column":9}}},"5":{"name":"(anonymous_5)","decl":{"start":{"line":15,"column":10},"end":{"line":15,"column":null}},"loc":{"start":{"line":15,"column":10},"end":{"line":25,"column":null}}},"6":{"name":"(anonymous_7)","decl":{"start":{"line":17,"column":71},"end":{"line":17,"column":null}},"loc":{"start":{"line":18,"column":42},"end":{"line":18,"column":52}}},"7":{"name":"(anonymous_8)","decl":{"start":{"line":18,"column":52},"end":{"line":18,"column":null}},"loc":{"start":{"line":19,"column":43},"end":{"line":19,"column":54}}},"8":{"name":"(anonymous_9)","decl":{"start":{"line":19,"column":54},"end":{"line":19,"column":null}},"loc":{"start":{"line":20,"column":43},"end":{"line":20,"column":54}}},"9":{"name":"(anonymous_10)","decl":{"start":{"line":20,"column":54},"end":{"line":20,"column":null}},"loc":{"start":{"line":21,"column":44},"end":{"line":21,"column":56}}},"10":{"name":"(anonymous_11)","decl":{"start":{"line":21,"column":56},"end":{"line":21,"column":null}},"loc":{"start":{"line":22,"column":46},"end":{"line":22,"column":71}}},"11":{"name":"(anonymous_12)","decl":{"start":{"line":22,"column":71},"end":{"line":22,"column":null}},"loc":{"start":{"line":23,"column":44},"end":{"line":23,"column":67}}},"12":{"name":"(anonymous_13)","decl":{"start":{"line":23,"column":67},"end":{"line":23,"column":null}},"loc":{"start":{"line":24,"column":43},"end":{"line":24,"column":65}}},"13":{"name":"(anonymous_14)","decl":{"start":{"line":24,"column":65},"end":{"line":24,"column":null}},"loc":{"start":{"line":25,"column":45},"end":{"line":25,"column":87}}},"14":{"name":"(anonymous_15)","decl":{"start":{"line":28,"column":9},"end":{"line":28,"column":null}},"loc":{"start":{"line":32,"column":34},"end":{"line":32,"column":69}}},"15":{"name":"(anonymous_16)","decl":{"start":{"line":32,"column":69},"end":{"line":32,"column":null}},"loc":{"start":{"line":35,"column":37},"end":{"line":35,"column":61}}}},"branchMap":{"0":{"loc":{"start":{"line":14,"column":10},"end":{"line":14,"column":34}},"type":"if","locations":[{"start":{"line":14,"column":10},"end":{"line":14,"column":34}}]},"1":{"loc":{"start":{"line":17,"column":42},"end":{"line":17,"column":71}},"type":"binary-expr","locations":[{"start":{"line":17,"column":42},"end":{"line":17,"column":52}},{"start":{"line":17,"column":56},"end":{"line":17,"column":71}}]},"2":{"loc":{"start":{"line":32,"column":34},"end":{"line":32,"column":69}},"type":"binary-expr","locations":[{"start":{"line":32,"column":34},"end":{"line":32,"column":60}},{"start":{"line":32,"column":64},"end":{"line":32,"column":69}}]}},"s":{"0":2,"1":2,"2":2,"3":6,"4":54,"5":6,"6":7,"7":4,"8":2,"9":2,"10":0,"11":2,"12":64,"13":2,"14":2,"15":2,"16":2,"17":2,"18":2,"19":2,"20":2,"21":2,"22":2,"23":2,"24":2,"25":2,"26":2,"27":2,"28":2,"29":2,"30":2,"31":2,"32":6,"33":7,"34":6,"35":7,"36":6,"37":2},"f":{"0":6,"1":6,"2":7,"3":4,"4":2,"5":4,"6":2,"7":2,"8":2,"9":2,"10":2,"11":2,"12":2,"13":2,"14":7,"15":7},"b":{"0":[0],"1":[2,0],"2":[7,3]}}
,"/app/src/components/StonePreview.tsx": {"path":"/app/src/components/StonePreview.tsx","statementMap":{"0":{"start":{"line":1,"column":0},"end":{"line":1,"column":null}},"1":{"start":{"line":2,"column":0},"end":{"line":2,"column":null}},"2":{"start":{"line":4,"column":0},"end":{"line":4,"column":45}},"3":{"start":{"line":11,"column":52},"end":{"line":64,"column":1}},"4":{"start":{"line":12,"column":24},"end":{"line":12,"column":93}},"5":{"start":{"line":12,"column":30},"end":{"line":12,"column":93}},"6":{"start":{"line":13,"column":26},"end":{"line":13,"column":86}},"7":{"start":{"line":13,"column":32},"end":{"line":13,"column":86}},"8":{"start":{"line":15,"column":51},"end":{"line":25,"column":null}},"9":{"start":{"line":27,"column":45},"end":{"line":31,"column":null}},"10":{"start":{"line":33,"column":2},"end":{"line":59,"column":null}},"11":{"start":{"line":33,"column":2},"end":{"line":33,"column":null}},"12":{"start":{"line":33,"column":2},"end":{"line":35,"column":null}},"13":{"start":{"line":35,"column":16},"end":{"line":35,"column":null}},"14":{"start":{"line":35,"column":35},"end":{"line":35,"column":null}},"15":{"start":{"line":35,"column":35},"end":{"line":38,"column":null}},"16":{"start":{"line":38,"column":39},"end":{"line":59,"column":null}},"17":{"start":{"line":40,"column":14},"end":{"line":40,"column":null}},"18":{"start":{"line":41,"column":18},"end":{"line":41,"column":null}},"19":{"start":{"line":44,"column":29},"end":{"line":44,"column":57}},"20":{"start":{"line":45,"column":12},"end":{"line":45,"column":null}},"21":{"start":{"line":45,"column":27},"end":{"line":45,"column":null}},"22":{"start":{"line":47,"column":12},"end":{"line":55,"column":null}},"23":{"start":{"line":47,"column":12},"end":{"line":47,"column":null}},"24":{"start":{"line":47,"column":12},"end":{"line":49,"column":null}},"25":{"start":{"line":49,"column":41},"end":{"line":50,"column":null}},"26":{"start":{"line":50,"column":17},"end":{"line":50,"column":43}},"27":{"start":{"line":50,"column":43},"end":{"line":50,"column":null}},"28":{"start":{"line":50,"column":43},"end":{"line":53,"column":null}},"29":{"start":{"line":53,"column":28},"end":{"line":53,"column":69}},"30":{"start":{"line":53,"column":69},"end":{"line":54,"column":37}},"31":{"start":{"line":54,"column":20},"end":{"line":54,"column":34}},"32":{"start":{"line":54,"column":34},"end":{"line":54,"column":null}},"33":{"start":{"line":54,"column":37},"end":{"line":54,"column":51}},"34":{"start":{"line":54,"column":51},"end":{"line":55,"column":null}},"35":{"start":{"line":55,"column":28},"end":{"line":55,"column":43}},"36":{"start":{"line":55,"column":43},"end":{"line":55,"column":null}},"37":{"start":{"line":59,"column":11},"end":{"line":59,"column":null}},"38":{"start":{"line":66,"column":0},"end":{"line":66,"column":null}}},"fnMap":{"0":{"name":"(anonymous_0)","decl":{"start":{"line":11,"column":52},"end":{"line":11,"column":57}},"loc":{"start":{"line":11,"column":61},"end":{"line":64,"column":1}}},"1":{"name":"(anonymous_1)","decl":{"start":{"line":12,"column":24},"end":{"line":12,"column":30}},"loc":{"start":{"line":12,"column":30},"end":{"line":12,"column":93}}},"2":{"name":"(anonymous_2)","decl":{"start":{"line":13,"column":26},"end":{"line":13,"column":32}},"loc":{"start":{"line":13,"column":32},"end":{"line":13,"column":86}}},"3":{"name":"(anonymous_3)","decl":{"start":{"line":33,"column":2},"end":{"line":33,"column":null}},"loc":{"start":{"line":33,"column":2},"end":{"line":59,"column":null}}},"4":{"name":"(anonymous_4)","decl":{"start":{"line":35,"column":11},"end":{"line":35,"column":12}},"loc":{"start":{"line":35,"column":16},"end":{"line":35,"column":null}}},"5":{"name":"(anonymous_5)","decl":{"start":{"line":35,"column":35},"end":{"line":35,"column":null}},"loc":{"start":{"line":35,"column":35},"end":{"line":35,"column":null}}},"6":{"name":"(anonymous_6)","decl":{"start":{"line":39,"column":13},"end":{"line":39,"column":null}},"loc":{"start":{"line":40,"column":14},"end":{"line":40,"column":null}}},"7":{"name":"(anonymous_7)","decl":{"start":{"line":40,"column":31},"end":{"line":40,"column":null}},"loc":{"start":{"line":41,"column":18},"end":{"line":41,"column":null}}},"8":{"name":"(anonymous_8)","decl":{"start":{"line":43,"column":12},"end":{"line":43,"column":13}},"loc":{"start":{"line":43,"column":17},"end":{"line":59,"column":11}}},"9":{"name":"(anonymous_9)","decl":{"start":{"line":47,"column":12},"end":{"line":47,"column":null}},"loc":{"start":{"line":47,"column":12},"end":{"line":50,"column":null}}},"10":{"name":"(anonymous_10)","decl":{"start":{"line":49,"column":41},"end":{"line":49,"column":null}},"loc":{"start":{"line":50,"column":17},"end":{"line":50,"column":43}}},"11":{"name":"(anonymous_11)","decl":{"start":{"line":50,"column":43},"end":{"line":50,"column":null}},"loc":{"start":{"line":50,"column":43},"end":{"line":55,"column":null}}},"12":{"name":"(anonymous_13)","decl":{"start":{"line":53,"column":69},"end":{"line":53,"column":null}},"loc":{"start":{"line":54,"column":20},"end":{"line":54,"column":34}}},"13":{"name":"(anonymous_14)","decl":{"start":{"line":54,"column":34},"end":{"line":54,"column":37}},"loc":{"start":{"line":54,"column":37},"end":{"line":54,"column":51}}},"14":{"name":"(anonymous_15)","decl":{"start":{"line":54,"column":51},"end":{"line":54,"column":null}},"loc":{"start":{"line":55,"column":28},"end":{"line":55,"column":43}}}},"branchMap":{"0":{"loc":{"start":{"line":12,"column":30},"end":{"line":12,"column":93}},"type":"cond-expr","locations":[{"start":{"line":12,"column":58},"end":{"line":12,"column":69}},{"start":{"line":12,"column":72},"end":{"line":12,"column":93}}]},"1":{"loc":{"start":{"line":13,"column":32},"end":{"line":13,"column":86}},"type":"cond-expr","locations":[{"start":{"line":13,"column":64},"end":{"line":13,"column":68}},{"start":{"line":13,"column":71},"end":{"line":13,"column":86}}]},"2":{"loc":{"start":{"line":45,"column":12},"end":{"line":45,"column":null}},"type":"if","locations":[{"start":{"line":45,"column":12},"end":{"line":45,"column":null}}]},"3":{"loc":{"start":{"line":53,"column":28},"end":{"line":53,"column":69}},"type":"binary-expr","locations":[{"start":{"line":53,"column":28},"end":{"line":53,"column":41}},{"start":{"line":53,"column":45},"end":{"line":53,"column":69}}]}},"s":{"0":3,"1":3,"2":3,"3":3,"4":10,"5":10,"6":10,"7":10,"8":10,"9":10,"10":10,"11":20,"12":10,"13":10,"14":21,"15":10,"16":10,"17":10,"18":2,"19":8,"20":8,"21":0,"22":8,"23":8,"24":8,"25":8,"26":8,"27":80,"28":8,"29":8,"30":8,"31":8,"32":8,"33":8,"34":8,"35":8,"36":8,"37":10,"38":3},"f":{"0":10,"1":10,"2":10,"3":10,"4":10,"5":7,"6":10,"7":2,"8":8,"9":8,"10":8,"11":16,"12":8,"13":8,"14":8},"b":{"0":[6,4],"1":[6,4],"2":[0],"3":[8,4]}}
}
