{"/app/src/render.ts": {"path":"/app/src/render.ts","statementMap":{"0":{"start":{"line":80,"column":0},"end":{"line":80,"column":16}},"1":{"start":{"line":3,"column":0},"end":{"line":3,"column":26}},"2":{"start":{"line":4,"column":0},"end":{"line":4,"column":53}},"3":{"start":{"line":5,"column":0},"end":{"line":5,"column":55}},"4":{"start":{"line":14,"column":2},"end":{"line":33,"column":3}},"5":{"start":{"line":16,"column":6},"end":{"line":16,"column":37}},"6":{"start":{"line":18,"column":6},"end":{"line":18,"column":38}},"7":{"start":{"line":20,"column":6},"end":{"line":20,"column":39}},"8":{"start":{"line":22,"column":6},"end":{"line":22,"column":39}},"9":{"start":{"line":24,"column":6},"end":{"line":24,"column":39}},"10":{"start":{"line":26,"column":6},"end":{"line":26,"column":39}},"11":{"start":{"line":28,"column":6},"end":{"line":28,"column":35}},"12":{"start":{"line":30,"column":6},"end":{"line":30,"column":35}},"13":{"start":{"line":32,"column":6},"end":{"line":32,"column":35}},"14":{"start":{"line":36,"column":22},"end":{"line":36,"column":42}},"15":{"start":{"line":37,"column":21},"end":{"line":37,"column":36}},"16":{"start":{"line":46,"column":14},"end":{"line":46,"column":15}},"17":{"start":{"line":47,"column":2},"end":{"line":50,"column":17}},"18":{"start":{"line":47,"column":19},"end":{"line":47,"column":29}},"19":{"start":{"line":48,"column":7},"end":{"line":50,"column":17}},"20":{"start":{"line":48,"column":24},"end":{"line":48,"column":34}},"21":{"start":{"line":49,"column":7},"end":{"line":50,"column":17}},"22":{"start":{"line":49,"column":24},"end":{"line":49,"column":34}},"23":{"start":{"line":50,"column":7},"end":{"line":50,"column":17}},"24":{"start":{"line":53,"column":2},"end":{"line":58,"column":3}},"25":{"start":{"line":54,"column":4},"end":{"line":54,"column":12}},"26":{"start":{"line":55,"column":9},"end":{"line":58,"column":3}},"27":{"start":{"line":59,"column":2},"end":{"line":59,"column":30}},"28":{"start":{"line":68,"column":2},"end":{"line":68,"column":100}},"29":{"start":{"line":68,"column":18},"end":{"line":68,"column":100}},"30":{"start":{"line":69,"column":2},"end":{"line":69,"column":83}},"31":{"start":{"line":69,"column":18},"end":{"line":69,"column":83}},"32":{"start":{"line":70,"column":2},"end":{"line":70,"column":83}},"33":{"start":{"line":70,"column":18},"end":{"line":70,"column":83}},"34":{"start":{"line":71,"column":2},"end":{"line":71,"column":67}},"35":{"start":{"line":81,"column":51},"end":{"line":81,"column":60}},"36":{"start":{"line":82,"column":33},"end":{"line":84,"column":43}},"37":{"start":{"line":84,"column":15},"end":{"line":84,"column":42}},"38":{"start":{"line":85,"column":18},"end":{"line":85,"column":43}},"39":{"start":{"line":87,"column":22},"end":{"line":87,"column":62}},"40":{"start":{"line":88,"column":51},"end":{"line":88,"column":78}},"41":{"start":{"line":91,"column":20},"end":{"line":91,"column":36}},"42":{"start":{"line":94,"column":61},"end":{"line":94,"column":63}},"43":{"start":{"line":95,"column":2},"end":{"line":101,"column":3}},"44":{"start":{"line":95,"column":15},"end":{"line":95,"column":16}},"45":{"start":{"line":96,"column":4},"end":{"line":100,"column":5}},"46":{"start":{"line":96,"column":17},"end":{"line":96,"column":18}},"47":{"start":{"line":97,"column":6},"end":{"line":99,"column":7}},"48":{"start":{"line":98,"column":8},"end":{"line":98,"column":46}},"49":{"start":{"line":104,"column":2},"end":{"line":109,"column":3}},"50":{"start":{"line":105,"column":4},"end":{"line":108,"column":5}},"51":{"start":{"line":105,"column":17},"end":{"line":105,"column":50}},"52":{"start":{"line":106,"column":16},"end":{"line":106,"column":49}},"53":{"start":{"line":107,"column":6},"end":{"line":107,"column":118}},"54":{"start":{"line":111,"column":25},"end":{"line":111,"column":42}},"55":{"start":{"line":112,"column":2},"end":{"line":114,"column":3}},"56":{"start":{"line":112,"column":15},"end":{"line":112,"column":16}},"57":{"start":{"line":113,"column":4},"end":{"line":113,"column":88}},"58":{"start":{"line":116,"column":2},"end":{"line":142,"column":3}},"59":{"start":{"line":116,"column":15},"end":{"line":116,"column":16}},"60":{"start":{"line":117,"column":4},"end":{"line":141,"column":5}},"61":{"start":{"line":117,"column":17},"end":{"line":117,"column":18}},"62":{"start":{"line":118,"column":6},"end":{"line":121,"column":7}},"63":{"start":{"line":119,"column":8},"end":{"line":119,"column":31}},"64":{"start":{"line":120,"column":8},"end":{"line":120,"column":17}},"65":{"start":{"line":123,"column":25},"end":{"line":123,"column":36}},"66":{"start":{"line":124,"column":6},"end":{"line":126,"column":7}},"67":{"start":{"line":125,"column":8},"end":{"line":125,"column":34}},"68":{"start":{"line":131,"column":22},"end":{"line":131,"column":45}},"69":{"start":{"line":132,"column":19},"end":{"line":132,"column":38}},"70":{"start":{"line":135,"column":6},"end":{"line":140,"column":7}},"71":{"start":{"line":136,"column":8},"end":{"line":136,"column":47}},"72":{"start":{"line":137,"column":8},"end":{"line":137,"column":105}},"73":{"start":{"line":139,"column":8},"end":{"line":139,"column":81}},"74":{"start":{"line":143,"column":2},"end":{"line":143,"column":20}}},"fnMap":{"0":{"name":"getBaseHslForColor","decl":{"start":{"line":13,"column":9},"end":{"line":13,"column":27}},"loc":{"start":{"line":13,"column":45},"end":{"line":34,"column":1}}},"1":{"name":"selectDensityCharacter","decl":{"start":{"line":45,"column":9},"end":{"line":45,"column":31}},"loc":{"start":{"line":45,"column":64},"end":{"line":60,"column":1}}},"2":{"name":"getMagicGlyphDetails","decl":{"start":{"line":67,"column":9},"end":{"line":67,"column":29}},"loc":{"start":{"line":67,"column":43},"end":{"line":72,"column":1}}},"3":{"name":"renderStone","decl":{"start":{"line":80,"column":16},"end":{"line":80,"column":27}},"loc":{"start":{"line":80,"column":72},"end":{"line":144,"column":1}}},"4":{"name":"(anonymous_5)","decl":{"start":{"line":84,"column":9},"end":{"line":84,"column":12}},"loc":{"start":{"line":84,"column":15},"end":{"line":84,"column":42}}}},"branchMap":{"0":{"loc":{"start":{"line":14,"column":2},"end":{"line":33,"column":3}},"type":"switch","locations":[{"start":{"line":15,"column":4},"end":{"line":16,"column":37}},{"start":{"line":17,"column":4},"end":{"line":18,"column":38}},{"start":{"line":19,"column":4},"end":{"line":20,"column":39}},{"start":{"line":21,"column":4},"end":{"line":22,"column":39}},{"start":{"line":23,"column":4},"end":{"line":24,"column":39}},{"start":{"line":25,"column":4},"end":{"line":26,"column":39}},{"start":{"line":27,"column":4},"end":{"line":28,"column":35}},{"start":{"line":29,"column":4},"end":{"line":30,"column":35}},{"start":{"line":31,"column":4},"end":{"line":32,"column":35}}]},"1":{"loc":{"start":{"line":47,"column":2},"end":{"line":50,"column":17}},"type":"if","locations":[{"start":{"line":47,"column":2},"end":{"line":50,"column":17}},{"start":{"line":48,"column":7},"end":{"line":50,"column":17}}]},"2":{"loc":{"start":{"line":48,"column":7},"end":{"line":50,"column":17}},"type":"if","locations":[{"start":{"line":48,"column":7},"end":{"line":50,"column":17}},{"start":{"line":49,"column":7},"end":{"line":50,"column":17}}]},"3":{"loc":{"start":{"line":49,"column":7},"end":{"line":50,"column":17}},"type":"if","locations":[{"start":{"line":49,"column":7},"end":{"line":50,"column":17}},{"start":{"line":50,"column":7},"end":{"line":50,"column":17}}]},"4":{"loc":{"start":{"line":53,"column":2},"end":{"line":58,"column":3}},"type":"if","locations":[{"start":{"line":53,"column":2},"end":{"line":58,"column":3}},{"start":{"line":55,"column":9},"end":{"line":58,"column":3}}]},"5":{"loc":{"start":{"line":53,"column":6},"end":{"line":53,"column":57}},"type":"binary-expr","locations":[{"start":{"line":53,"column":6},"end":{"line":53,"column":21}},{"start":{"line":53,"column":25},"end":{"line":53,"column":57}}]},"6":{"loc":{"start":{"line":55,"column":9},"end":{"line":58,"column":3}},"type":"if","locations":[{"start":{"line":55,"column":9},"end":{"line":58,"column":3}}]},"7":{"loc":{"start":{"line":55,"column":13},"end":{"line":55,"column":41}},"type":"binary-expr","locations":[{"start":{"line":55,"column":13},"end":{"line":55,"column":28}},{"start":{"line":55,"column":32},"end":{"line":55,"column":41}}]},"8":{"loc":{"start":{"line":68,"column":2},"end":{"line":68,"column":100}},"type":"if","locations":[{"start":{"line":68,"column":2},"end":{"line":68,"column":100}}]},"9":{"loc":{"start":{"line":68,"column":58},"end":{"line":68,"column":97}},"type":"cond-expr","locations":[{"start":{"line":68,"column":71},"end":{"line":68,"column":93}},{"start":{"line":68,"column":96},"end":{"line":68,"column":97}}]},"10":{"loc":{"start":{"line":69,"column":2},"end":{"line":69,"column":83}},"type":"if","locations":[{"start":{"line":69,"column":2},"end":{"line":69,"column":83}}]},"11":{"loc":{"start":{"line":70,"column":2},"end":{"line":70,"column":83}},"type":"if","locations":[{"start":{"line":70,"column":2},"end":{"line":70,"column":83}}]},"12":{"loc":{"start":{"line":97,"column":6},"end":{"line":99,"column":7}},"type":"if","locations":[{"start":{"line":97,"column":6},"end":{"line":99,"column":7}}]},"13":{"loc":{"start":{"line":104,"column":2},"end":{"line":109,"column":3}},"type":"if","locations":[{"start":{"line":104,"column":2},"end":{"line":109,"column":3}}]},"14":{"loc":{"start":{"line":104,"column":6},"end":{"line":104,"column":57}},"type":"binary-expr","locations":[{"start":{"line":104,"column":6},"end":{"line":104,"column":39}},{"start":{"line":104,"column":43},"end":{"line":104,"column":57}}]},"15":{"loc":{"start":{"line":118,"column":6},"end":{"line":121,"column":7}},"type":"if","locations":[{"start":{"line":118,"column":6},"end":{"line":121,"column":7}}]},"16":{"loc":{"start":{"line":124,"column":6},"end":{"line":126,"column":7}},"type":"if","locations":[{"start":{"line":124,"column":6},"end":{"line":126,"column":7}}]},"17":{"loc":{"start":{"line":131,"column":22},"end":{"line":131,"column":45}},"type":"cond-expr","locations":[{"start":{"line":131,"column":40},"end":{"line":131,"column":41}},{"start":{"line":131,"column":44},"end":{"line":131,"column":45}}]},"18":{"loc":{"start":{"line":135,"column":6},"end":{"line":140,"column":7}},"type":"if","locations":[{"start":{"line":135,"column":6},"end":{"line":140,"column":7}},{"start":{"line":138,"column":13},"end":{"line":140,"column":7}}]}},"s":{"0":1,"1":1,"2":1,"3":1,"4":25,"5":1,"6":1,"7":3,"8":4,"9":2,"10":1,"11":3,"12":10,"13":0,"14":1,"15":1,"16":25,"17":25,"18":2,"19":23,"20":16,"21":7,"22":6,"23":1,"24":25,"25":6,"26":19,"27":25,"28":25,"29":17,"30":8,"31":4,"32":4,"33":4,"34":0,"35":25,"36":25,"37":1500,"38":25,"39":25,"40":25,"41":25,"42":25,"43":25,"44":25,"45":1500,"46":1500,"47":90000,"48":48708,"49":25,"50":9,"51":9,"52":21531,"53":21531,"54":25,"55":25,"56":25,"57":30,"58":25,"59":25,"60":1500,"61":1500,"62":90000,"63":41292,"64":41292,"65":48708,"66":48708,"67":30,"68":48708,"69":48708,"70":48708,"71":30,"72":30,"73":48678,"74":25},"f":{"0":25,"1":25,"2":25,"3":25,"4":1500},"b":{"0":[1,1,3,4,2,1,3,10,0],"1":[2,23],"2":[16,7],"3":[6,1],"4":[6,19],"5":[25,6],"6":[1],"7":[19,1],"8":[17],"9":[1,16],"10":[4],"11":[4],"12":[48708],"13":[9],"14":[25,24],"15":[41292],"16":[30],"17":[24354,24354],"18":[30,48678]}}
,"/app/src/shapeMasks.ts": {"path":"/app/src/shapeMasks.ts","statementMap":{"0":{"start":{"line":13,"column":0},"end":{"line":13,"column":16}},"1":{"start":{"line":3,"column":13},"end":{"line":3,"column":29}},"2":{"start":{"line":4,"column":13},"end":{"line":4,"column":30}},"3":{"start":{"line":18,"column":28},"end":{"line":20,"column":40}},"4":{"start":{"line":20,"column":15},"end":{"line":20,"column":39}},"5":{"start":{"line":21,"column":18},"end":{"line":21,"column":27}},"6":{"start":{"line":22,"column":18},"end":{"line":22,"column":28}},"7":{"start":{"line":24,"column":2},"end":{"line":180,"column":3}},"8":{"start":{"line":26,"column":21},"end":{"line":26,"column":52}},"9":{"start":{"line":27,"column":6},"end":{"line":34,"column":7}},"10":{"start":{"line":27,"column":19},"end":{"line":27,"column":20}},"11":{"start":{"line":28,"column":8},"end":{"line":33,"column":9}},"12":{"start":{"line":28,"column":21},"end":{"line":28,"column":22}},"13":{"start":{"line":29,"column":25},"end":{"line":29,"column":88}},"14":{"start":{"line":30,"column":10},"end":{"line":32,"column":11}},"15":{"start":{"line":31,"column":12},"end":{"line":31,"column":30}},"16":{"start":{"line":35,"column":6},"end":{"line":35,"column":12}},"17":{"start":{"line":38,"column":25},"end":{"line":38,"column":54}},"18":{"start":{"line":39,"column":23},"end":{"line":39,"column":37}},"19":{"start":{"line":40,"column":25},"end":{"line":40,"column":55}},"20":{"start":{"line":41,"column":23},"end":{"line":41,"column":52}},"21":{"start":{"line":42,"column":25},"end":{"line":42,"column":55}},"22":{"start":{"line":43,"column":23},"end":{"line":43,"column":52}},"23":{"start":{"line":44,"column":6},"end":{"line":50,"column":7}},"24":{"start":{"line":44,"column":19},"end":{"line":44,"column":29}},"25":{"start":{"line":45,"column":8},"end":{"line":49,"column":9}},"26":{"start":{"line":45,"column":21},"end":{"line":45,"column":31}},"27":{"start":{"line":46,"column":10},"end":{"line":48,"column":11}},"28":{"start":{"line":47,"column":12},"end":{"line":47,"column":30}},"29":{"start":{"line":51,"column":6},"end":{"line":51,"column":12}},"30":{"start":{"line":54,"column":31},"end":{"line":54,"column":42}},"31":{"start":{"line":55,"column":33},"end":{"line":55,"column":37}},"32":{"start":{"line":56,"column":34},"end":{"line":56,"column":61}},"33":{"start":{"line":57,"column":20},"end":{"line":57,"column":65}},"34":{"start":{"line":58,"column":20},"end":{"line":58,"column":65}},"35":{"start":{"line":60,"column":6},"end":{"line":72,"column":7}},"36":{"start":{"line":60,"column":19},"end":{"line":60,"column":24}},"37":{"start":{"line":61,"column":8},"end":{"line":71,"column":9}},"38":{"start":{"line":62,"column":27},"end":{"line":62,"column":82}},"39":{"start":{"line":63,"column":31},"end":{"line":63,"column":58}},"40":{"start":{"line":64,"column":32},"end":{"line":64,"column":70}},"41":{"start":{"line":65,"column":30},"end":{"line":65,"column":67}},"42":{"start":{"line":66,"column":10},"end":{"line":70,"column":11}},"43":{"start":{"line":66,"column":23},"end":{"line":66,"column":36}},"44":{"start":{"line":67,"column":12},"end":{"line":69,"column":13}},"45":{"start":{"line":68,"column":14},"end":{"line":68,"column":32}},"46":{"start":{"line":73,"column":6},"end":{"line":73,"column":12}},"47":{"start":{"line":76,"column":27},"end":{"line":76,"column":39}},"48":{"start":{"line":77,"column":26},"end":{"line":77,"column":38}},"49":{"start":{"line":78,"column":23},"end":{"line":78,"column":35}},"50":{"start":{"line":79,"column":28},"end":{"line":79,"column":54}},"51":{"start":{"line":80,"column":28},"end":{"line":80,"column":67}},"52":{"start":{"line":81,"column":23},"end":{"line":81,"column":36}},"53":{"start":{"line":82,"column":23},"end":{"line":82,"column":50}},"54":{"start":{"line":83,"column":23},"end":{"line":83,"column":31}},"55":{"start":{"line":84,"column":26},"end":{"line":84,"column":49}},"56":{"start":{"line":85,"column":27},"end":{"line":85,"column":39}},"57":{"start":{"line":86,"column":32},"end":{"line":86,"column":66}},"58":{"start":{"line":87,"column":30},"end":{"line":87,"column":63}},"59":{"start":{"line":89,"column":6},"end":{"line":95,"column":7}},"60":{"start":{"line":89,"column":19},"end":{"line":89,"column":39}},"61":{"start":{"line":90,"column":8},"end":{"line":94,"column":9}},"62":{"start":{"line":90,"column":21},"end":{"line":90,"column":38}},"63":{"start":{"line":91,"column":10},"end":{"line":93,"column":11}},"64":{"start":{"line":92,"column":12},"end":{"line":92,"column":30}},"65":{"start":{"line":96,"column":6},"end":{"line":108,"column":7}},"66":{"start":{"line":96,"column":19},"end":{"line":96,"column":39}},"67":{"start":{"line":97,"column":8},"end":{"line":107,"column":9}},"68":{"start":{"line":98,"column":27},"end":{"line":98,"column":79}},"69":{"start":{"line":99,"column":34},"end":{"line":99,"column":53}},"70":{"start":{"line":100,"column":28},"end":{"line":100,"column":69}},"71":{"start":{"line":101,"column":26},"end":{"line":101,"column":66}},"72":{"start":{"line":102,"column":10},"end":{"line":106,"column":11}},"73":{"start":{"line":102,"column":23},"end":{"line":102,"column":32}},"74":{"start":{"line":103,"column":12},"end":{"line":105,"column":13}},"75":{"start":{"line":104,"column":14},"end":{"line":104,"column":32}},"76":{"start":{"line":109,"column":6},"end":{"line":109,"column":12}},"77":{"start":{"line":112,"column":27},"end":{"line":112,"column":39}},"78":{"start":{"line":113,"column":28},"end":{"line":113,"column":41}},"79":{"start":{"line":114,"column":26},"end":{"line":114,"column":38}},"80":{"start":{"line":115,"column":28},"end":{"line":115,"column":59}},"81":{"start":{"line":116,"column":28},"end":{"line":116,"column":67}},"82":{"start":{"line":117,"column":28},"end":{"line":117,"column":41}},"83":{"start":{"line":118,"column":28},"end":{"line":118,"column":57}},"84":{"start":{"line":119,"column":26},"end":{"line":119,"column":39}},"85":{"start":{"line":120,"column":29},"end":{"line":120,"column":54}},"86":{"start":{"line":121,"column":30},"end":{"line":121,"column":44}},"87":{"start":{"line":122,"column":31},"end":{"line":122,"column":62}},"88":{"start":{"line":124,"column":6},"end":{"line":141,"column":7}},"89":{"start":{"line":124,"column":19},"end":{"line":124,"column":20}},"90":{"start":{"line":125,"column":23},"end":{"line":125,"column":24}},"91":{"start":{"line":126,"column":8},"end":{"line":132,"column":9}},"92":{"start":{"line":127,"column":10},"end":{"line":127,"column":111}},"93":{"start":{"line":128,"column":15},"end":{"line":132,"column":9}},"94":{"start":{"line":129,"column":10},"end":{"line":129,"column":34}},"95":{"start":{"line":130,"column":15},"end":{"line":132,"column":9}},"96":{"start":{"line":131,"column":10},"end":{"line":131,"column":114}},"97":{"start":{"line":134,"column":30},"end":{"line":134,"column":64}},"98":{"start":{"line":135,"column":28},"end":{"line":135,"column":61}},"99":{"start":{"line":136,"column":8},"end":{"line":140,"column":9}},"100":{"start":{"line":136,"column":21},"end":{"line":136,"column":34}},"101":{"start":{"line":137,"column":10},"end":{"line":139,"column":11}},"102":{"start":{"line":138,"column":12},"end":{"line":138,"column":30}},"103":{"start":{"line":142,"column":6},"end":{"line":142,"column":12}},"104":{"start":{"line":145,"column":21},"end":{"line":145,"column":34}},"105":{"start":{"line":146,"column":20},"end":{"line":146,"column":31}},"106":{"start":{"line":147,"column":19},"end":{"line":147,"column":31}},"107":{"start":{"line":148,"column":31},"end":{"line":148,"column":63}},"108":{"start":{"line":149,"column":31},"end":{"line":149,"column":63}},"109":{"start":{"line":150,"column":25},"end":{"line":150,"column":28}},"110":{"start":{"line":152,"column":6},"end":{"line":174,"column":7}},"111":{"start":{"line":152,"column":19},"end":{"line":152,"column":35}},"112":{"start":{"line":153,"column":8},"end":{"line":173,"column":9}},"113":{"start":{"line":154,"column":27},"end":{"line":154,"column":89}},"114":{"start":{"line":155,"column":34},"end":{"line":155,"column":66}},"115":{"start":{"line":156,"column":29},"end":{"line":156,"column":74}},"116":{"start":{"line":157,"column":30},"end":{"line":157,"column":84}},"117":{"start":{"line":158,"column":28},"end":{"line":158,"column":81}},"118":{"start":{"line":160,"column":10},"end":{"line":164,"column":11}},"119":{"start":{"line":160,"column":23},"end":{"line":160,"column":34}},"120":{"start":{"line":161,"column":12},"end":{"line":163,"column":13}},"121":{"start":{"line":162,"column":14},"end":{"line":162,"column":32}},"122":{"start":{"line":165,"column":15},"end":{"line":173,"column":9}},"123":{"start":{"line":166,"column":30},"end":{"line":166,"column":61}},"124":{"start":{"line":167,"column":28},"end":{"line":167,"column":58}},"125":{"start":{"line":168,"column":10},"end":{"line":172,"column":11}},"126":{"start":{"line":168,"column":23},"end":{"line":168,"column":34}},"127":{"start":{"line":169,"column":12},"end":{"line":171,"column":13}},"128":{"start":{"line":170,"column":14},"end":{"line":170,"column":32}},"129":{"start":{"line":175,"column":6},"end":{"line":175,"column":12}},"130":{"start":{"line":179,"column":6},"end":{"line":179,"column":12}},"131":{"start":{"line":181,"column":2},"end":{"line":181,"column":14}}},"fnMap":{"0":{"name":"generateShapeMask","decl":{"start":{"line":13,"column":16},"end":{"line":13,"column":33}},"loc":{"start":{"line":16,"column":30},"end":{"line":182,"column":1}}},"1":{"name":"(anonymous_1)","decl":{"start":{"line":20,"column":9},"end":{"line":20,"column":12}},"loc":{"start":{"line":20,"column":15},"end":{"line":20,"column":39}}}},"branchMap":{"0":{"loc":{"start":{"line":15,"column":2},"end":{"line":15,"column":28}},"type":"default-arg","locations":[{"start":{"line":15,"column":18},"end":{"line":15,"column":28}}]},"1":{"loc":{"start":{"line":16,"column":2},"end":{"line":16,"column":30}},"type":"default-arg","locations":[{"start":{"line":16,"column":19},"end":{"line":16,"column":30}}]},"2":{"loc":{"start":{"line":24,"column":2},"end":{"line":180,"column":3}},"type":"switch","locations":[{"start":{"line":25,"column":4},"end":{"line":35,"column":12}},{"start":{"line":37,"column":4},"end":{"line":51,"column":12}},{"start":{"line":53,"column":4},"end":{"line":73,"column":12}},{"start":{"line":75,"column":4},"end":{"line":109,"column":12}},{"start":{"line":111,"column":4},"end":{"line":142,"column":12}},{"start":{"line":144,"column":4},"end":{"line":175,"column":12}},{"start":{"line":177,"column":4},"end":{"line":179,"column":12}}]},"3":{"loc":{"start":{"line":30,"column":10},"end":{"line":32,"column":11}},"type":"if","locations":[{"start":{"line":30,"column":10},"end":{"line":32,"column":11}}]},"4":{"loc":{"start":{"line":46,"column":10},"end":{"line":48,"column":11}},"type":"if","locations":[{"start":{"line":46,"column":10},"end":{"line":48,"column":11}}]},"5":{"loc":{"start":{"line":46,"column":14},"end":{"line":46,"column":57}},"type":"binary-expr","locations":[{"start":{"line":46,"column":14},"end":{"line":46,"column":20}},{"start":{"line":46,"column":24},"end":{"line":46,"column":33}},{"start":{"line":46,"column":37},"end":{"line":46,"column":43}},{"start":{"line":46,"column":47},"end":{"line":46,"column":57}}]},"6":{"loc":{"start":{"line":61,"column":8},"end":{"line":71,"column":9}},"type":"if","locations":[{"start":{"line":61,"column":8},"end":{"line":71,"column":9}}]},"7":{"loc":{"start":{"line":61,"column":12},"end":{"line":61,"column":32}},"type":"binary-expr","locations":[{"start":{"line":61,"column":12},"end":{"line":61,"column":18}},{"start":{"line":61,"column":22},"end":{"line":61,"column":32}}]},"8":{"loc":{"start":{"line":62,"column":27},"end":{"line":62,"column":82}},"type":"cond-expr","locations":[{"start":{"line":62,"column":49},"end":{"line":62,"column":50}},{"start":{"line":62,"column":53},"end":{"line":62,"column":82}}]},"9":{"loc":{"start":{"line":67,"column":12},"end":{"line":69,"column":13}},"type":"if","locations":[{"start":{"line":67,"column":12},"end":{"line":69,"column":13}}]},"10":{"loc":{"start":{"line":67,"column":16},"end":{"line":67,"column":35}},"type":"binary-expr","locations":[{"start":{"line":67,"column":16},"end":{"line":67,"column":22}},{"start":{"line":67,"column":26},"end":{"line":67,"column":35}}]},"11":{"loc":{"start":{"line":91,"column":10},"end":{"line":93,"column":11}},"type":"if","locations":[{"start":{"line":91,"column":10},"end":{"line":93,"column":11}}]},"12":{"loc":{"start":{"line":91,"column":14},"end":{"line":91,"column":57}},"type":"binary-expr","locations":[{"start":{"line":91,"column":14},"end":{"line":91,"column":20}},{"start":{"line":91,"column":24},"end":{"line":91,"column":33}},{"start":{"line":91,"column":37},"end":{"line":91,"column":43}},{"start":{"line":91,"column":47},"end":{"line":91,"column":57}}]},"13":{"loc":{"start":{"line":97,"column":8},"end":{"line":107,"column":9}},"type":"if","locations":[{"start":{"line":97,"column":8},"end":{"line":107,"column":9}}]},"14":{"loc":{"start":{"line":97,"column":12},"end":{"line":97,"column":32}},"type":"binary-expr","locations":[{"start":{"line":97,"column":12},"end":{"line":97,"column":18}},{"start":{"line":97,"column":22},"end":{"line":97,"column":32}}]},"15":{"loc":{"start":{"line":98,"column":27},"end":{"line":98,"column":79}},"type":"cond-expr","locations":[{"start":{"line":98,"column":47},"end":{"line":98,"column":48}},{"start":{"line":98,"column":51},"end":{"line":98,"column":79}}]},"16":{"loc":{"start":{"line":103,"column":12},"end":{"line":105,"column":13}},"type":"if","locations":[{"start":{"line":103,"column":12},"end":{"line":105,"column":13}}]},"17":{"loc":{"start":{"line":103,"column":16},"end":{"line":103,"column":35}},"type":"binary-expr","locations":[{"start":{"line":103,"column":16},"end":{"line":103,"column":22}},{"start":{"line":103,"column":26},"end":{"line":103,"column":35}}]},"18":{"loc":{"start":{"line":126,"column":8},"end":{"line":132,"column":9}},"type":"if","locations":[{"start":{"line":126,"column":8},"end":{"line":132,"column":9}},{"start":{"line":128,"column":15},"end":{"line":132,"column":9}}]},"19":{"loc":{"start":{"line":126,"column":12},"end":{"line":126,"column":51}},"type":"binary-expr","locations":[{"start":{"line":126,"column":12},"end":{"line":126,"column":30}},{"start":{"line":126,"column":34},"end":{"line":126,"column":51}}]},"20":{"loc":{"start":{"line":127,"column":21},"end":{"line":127,"column":110}},"type":"cond-expr","locations":[{"start":{"line":127,"column":43},"end":{"line":127,"column":55}},{"start":{"line":127,"column":58},"end":{"line":127,"column":110}}]},"21":{"loc":{"start":{"line":128,"column":15},"end":{"line":132,"column":9}},"type":"if","locations":[{"start":{"line":128,"column":15},"end":{"line":132,"column":9}},{"start":{"line":130,"column":15},"end":{"line":132,"column":9}}]},"22":{"loc":{"start":{"line":128,"column":19},"end":{"line":128,"column":57}},"type":"binary-expr","locations":[{"start":{"line":128,"column":19},"end":{"line":128,"column":35}},{"start":{"line":128,"column":39},"end":{"line":128,"column":57}}]},"23":{"loc":{"start":{"line":130,"column":15},"end":{"line":132,"column":9}},"type":"if","locations":[{"start":{"line":130,"column":15},"end":{"line":132,"column":9}}]},"24":{"loc":{"start":{"line":130,"column":19},"end":{"line":130,"column":63}},"type":"binary-expr","locations":[{"start":{"line":130,"column":19},"end":{"line":130,"column":39}},{"start":{"line":130,"column":43},"end":{"line":130,"column":63}}]},"25":{"loc":{"start":{"line":131,"column":21},"end":{"line":131,"column":113}},"type":"cond-expr","locations":[{"start":{"line":131,"column":43},"end":{"line":131,"column":55}},{"start":{"line":131,"column":58},"end":{"line":131,"column":113}}]},"26":{"loc":{"start":{"line":137,"column":10},"end":{"line":139,"column":11}},"type":"if","locations":[{"start":{"line":137,"column":10},"end":{"line":139,"column":11}}]},"27":{"loc":{"start":{"line":137,"column":14},"end":{"line":137,"column":33}},"type":"binary-expr","locations":[{"start":{"line":137,"column":14},"end":{"line":137,"column":20}},{"start":{"line":137,"column":24},"end":{"line":137,"column":33}}]},"28":{"loc":{"start":{"line":153,"column":8},"end":{"line":173,"column":9}},"type":"if","locations":[{"start":{"line":153,"column":8},"end":{"line":173,"column":9}},{"start":{"line":165,"column":15},"end":{"line":173,"column":9}}]},"29":{"loc":{"start":{"line":153,"column":12},"end":{"line":153,"column":77}},"type":"binary-expr","locations":[{"start":{"line":153,"column":12},"end":{"line":153,"column":18}},{"start":{"line":153,"column":22},"end":{"line":153,"column":32}},{"start":{"line":153,"column":36},"end":{"line":153,"column":77}}]},"30":{"loc":{"start":{"line":161,"column":12},"end":{"line":163,"column":13}},"type":"if","locations":[{"start":{"line":161,"column":12},"end":{"line":163,"column":13}}]},"31":{"loc":{"start":{"line":161,"column":16},"end":{"line":161,"column":35}},"type":"binary-expr","locations":[{"start":{"line":161,"column":16},"end":{"line":161,"column":22}},{"start":{"line":161,"column":26},"end":{"line":161,"column":35}}]},"32":{"loc":{"start":{"line":165,"column":15},"end":{"line":173,"column":9}},"type":"if","locations":[{"start":{"line":165,"column":15},"end":{"line":173,"column":9}}]},"33":{"loc":{"start":{"line":165,"column":19},"end":{"line":165,"column":110}},"type":"binary-expr","locations":[{"start":{"line":165,"column":19},"end":{"line":165,"column":25}},{"start":{"line":165,"column":29},"end":{"line":165,"column":39}},{"start":{"line":165,"column":43},"end":{"line":165,"column":84}},{"start":{"line":165,"column":88},"end":{"line":165,"column":110}}]},"34":{"loc":{"start":{"line":169,"column":12},"end":{"line":171,"column":13}},"type":"if","locations":[{"start":{"line":169,"column":12},"end":{"line":171,"column":13}}]},"35":{"loc":{"start":{"line":169,"column":16},"end":{"line":169,"column":35}},"type":"binary-expr","locations":[{"start":{"line":169,"column":16},"end":{"line":169,"column":22}},{"start":{"line":169,"column":26},"end":{"line":169,"column":35}}]}},"s":{"0":2,"1":2,"2":2,"3":39,"4":2340,"5":39,"6":39,"7":39,"8":7,"9":7,"10":7,"11":420,"12":420,"13":25200,"14":25200,"15":17304,"16":7,"17":8,"18":8,"19":8,"20":8,"21":8,"22":8,"23":8,"24":8,"25":336,"26":336,"27":14112,"28":14112,"29":8,"30":5,"31":5,"32":5,"33":5,"34":5,"35":5,"36":5,"37":230,"38":230,"39":230,"40":230,"41":230,"42":230,"43":230,"44":5730,"45":5730,"46":5,"47":4,"48":4,"49":4,"50":4,"51":4,"52":4,"53":4,"54":4,"55":4,"56":4,"57":4,"58":4,"59":4,"60":4,"61":144,"62":144,"63":2304,"64":2304,"65":4,"66":4,"67":48,"68":48,"69":48,"70":48,"71":48,"72":48,"73":48,"74":368,"75":368,"76":4,"77":4,"78":4,"79":4,"80":4,"81":4,"82":4,"83":4,"84":4,"85":4,"86":4,"87":4,"88":4,"89":4,"90":240,"91":240,"92":60,"93":180,"94":120,"95":60,"96":60,"97":240,"98":240,"99":240,"100":240,"101":4008,"102":4008,"103":4,"104":4,"105":4,"106":4,"107":4,"108":4,"109":4,"110":4,"111":4,"112":208,"113":208,"114":208,"115":208,"116":208,"117":208,"118":208,"119":208,"120":2388,"121":2388,"122":0,"123":0,"124":0,"125":0,"126":0,"127":0,"128":0,"129":4,"130":7,"131":39},"f":{"0":39,"1":2340},"b":{"0":[0],"1":[0],"2":[7,8,5,4,4,4,7],"3":[17304],"4":[14112],"5":[14112,14112,14112,14112],"6":[230],"7":[230,230],"8":[0,230],"9":[5730],"10":[5730,5730],"11":[2304],"12":[2304,2304,2304,2304],"13":[48],"14":[48,48],"15":[0,48],"16":[368],"17":[368,368],"18":[60,180],"19":[240,240],"20":[0,60],"21":[120,60],"22":[180,180],"23":[60],"24":[60,60],"25":[0,60],"26":[4008],"27":[4008,4008],"28":[208,0],"29":[208,208,208],"30":[2388],"31":[2388,2388],"32":[0],"33":[0,0,0,0],"34":[0],"35":[0,0]}}
,"/app/src/stone.ts": {"path":"/app/src/stone.ts","statementMap":{"0":{"start":{"line":26,"column":0},"end":{"line":26,"column":16}},"1":{"start":{"line":41,"column":0},"end":{"line":41,"column":16}},"2":{"start":{"line":52,"column":0},"end":{"line":52,"column":16}},"3":{"start":{"line":95,"column":0},"end":{"line":95,"column":16}},"4":{"start":{"line":113,"column":0},"end":{"line":113,"column":16}},"5":{"start":{"line":16,"column":13},"end":{"line":16,"column":104}},"6":{"start":{"line":18,"column":13},"end":{"line":18,"column":114}},"7":{"start":{"line":27,"column":2},"end":{"line":32,"column":4}},"8":{"start":{"line":28,"column":13},"end":{"line":28,"column":31}},"9":{"start":{"line":29,"column":4},"end":{"line":29,"column":41}},"10":{"start":{"line":30,"column":4},"end":{"line":30,"column":46}},"11":{"start":{"line":31,"column":4},"end":{"line":31,"column":49}},"12":{"start":{"line":43,"column":2},"end":{"line":43,"column":41}},"13":{"start":{"line":53,"column":15},"end":{"line":53,"column":31}},"14":{"start":{"line":58,"column":21},"end":{"line":58,"column":55}},"15":{"start":{"line":59,"column":16},"end":{"line":59,"column":34}},"16":{"start":{"line":61,"column":17},"end":{"line":61,"column":41}},"17":{"start":{"line":63,"column":17},"end":{"line":63,"column":45}},"18":{"start":{"line":65,"column":21},"end":{"line":65,"column":55}},"19":{"start":{"line":66,"column":16},"end":{"line":66,"column":34}},"20":{"start":{"line":70,"column":19},"end":{"line":70,"column":48}},"21":{"start":{"line":73,"column":28},"end":{"line":73,"column":58}},"22":{"start":{"line":75,"column":16},"end":{"line":75,"column":40}},"23":{"start":{"line":77,"column":2},"end":{"line":86,"column":4}},"24":{"start":{"line":103,"column":16},"end":{"line":103,"column":97}},"25":{"start":{"line":104,"column":2},"end":{"line":104,"column":15}},"26":{"start":{"line":114,"column":20},"end":{"line":114,"column":46}},"27":{"start":{"line":115,"column":20},"end":{"line":115,"column":30}},"28":{"start":{"line":116,"column":2},"end":{"line":119,"column":4}}},"fnMap":{"0":{"name":"mulberry32","decl":{"start":{"line":26,"column":16},"end":{"line":26,"column":26}},"loc":{"start":{"line":26,"column":39},"end":{"line":33,"column":1}}},"1":{"name":"(anonymous_1)","decl":{"start":{"line":27,"column":9},"end":{"line":27,"column":null}},"loc":{"start":{"line":27,"column":9},"end":{"line":32,"column":3}}},"2":{"name":"generateNewStoneSeed","decl":{"start":{"line":41,"column":16},"end":{"line":41,"column":36}},"loc":{"start":{"line":41,"column":55},"end":{"line":44,"column":1}}},"3":{"name":"deriveStoneQualities","decl":{"start":{"line":52,"column":16},"end":{"line":52,"column":36}},"loc":{"start":{"line":52,"column":49},"end":{"line":87,"column":1}}},"4":{"name":"calculateStonePower","decl":{"start":{"line":95,"column":16},"end":{"line":95,"column":35}},"loc":{"start":{"line":95,"column":57},"end":{"line":105,"column":1}}},"5":{"name":"createStone","decl":{"start":{"line":113,"column":16},"end":{"line":113,"column":27}},"loc":{"start":{"line":113,"column":40},"end":{"line":120,"column":1}}}},"branchMap":{},"s":{"0":4,"1":4,"2":4,"3":4,"4":4,"5":4,"6":4,"7":71,"8":21924,"9":21924,"10":21924,"11":21924,"12":1,"13":40,"14":40,"15":40,"16":40,"17":40,"18":40,"19":40,"20":40,"21":40,"22":40,"23":40,"24":4,"25":4,"26":11,"27":11,"28":11},"f":{"0":71,"1":21924,"2":1,"3":40,"4":4,"5":11},"b":{}}
,"/app/src/store.ts": {"path":"/app/src/store.ts","statementMap":{"0":{"start":{"line":23,"column":0},"end":{"line":23,"column":16}},"1":{"start":{"line":41,"column":0},"end":{"line":41,"column":16}},"2":{"start":{"line":132,"column":0},"end":{"line":132,"column":16}},"3":{"start":{"line":3,"column":0},"end":{"line":3,"column":25}},"4":{"start":{"line":4,"column":0},"end":{"line":4,"column":29}},"5":{"start":{"line":5,"column":0},"end":{"line":5,"column":25}},"6":{"start":{"line":19,"column":23},"end":{"line":19,"column":44}},"7":{"start":{"line":20,"column":18},"end":{"line":20,"column":57}},"8":{"start":{"line":24,"column":2},"end":{"line":31,"column":4}},"9":{"start":{"line":42,"column":19},"end":{"line":42,"column":39}},"10":{"start":{"line":43,"column":2},"end":{"line":121,"column":3}},"11":{"start":{"line":44,"column":4},"end":{"line":118,"column":5}},"12":{"start":{"line":45,"column":26},"end":{"line":45,"column":61}},"13":{"start":{"line":46,"column":25},"end":{"line":46,"column":69}},"14":{"start":{"line":48,"column":45},"end":{"line":48,"column":47}},"15":{"start":{"line":49,"column":6},"end":{"line":72,"column":7}},"16":{"start":{"line":50,"column":8},"end":{"line":71,"column":9}},"17":{"start":{"line":51,"column":10},"end":{"line":70,"column":11}},"18":{"start":{"line":69,"column":12},"end":{"line":69,"column":51}},"19":{"start":{"line":75,"column":8},"end":{"line":77,"column":29}},"20":{"start":{"line":80,"column":8},"end":{"line":82,"column":29}},"21":{"start":{"line":85,"column":8},"end":{"line":87,"column":36}},"22":{"start":{"line":89,"column":19},"end":{"line":89,"column":88}},"23":{"start":{"line":91,"column":44},"end":{"line":91,"column":48}},"24":{"start":{"line":92,"column":6},"end":{"line":97,"column":7}},"25":{"start":{"line":96,"column":8},"end":{"line":96,"column":55}},"26":{"start":{"line":99,"column":53},"end":{"line":99,"column":57}},"27":{"start":{"line":100,"column":6},"end":{"line":104,"column":7}},"28":{"start":{"line":100,"column":64},"end":{"line":100,"column":91}},"29":{"start":{"line":101,"column":8},"end":{"line":101,"column":53}},"30":{"start":{"line":102,"column":13},"end":{"line":104,"column":7}},"31":{"start":{"line":103,"column":8},"end":{"line":103,"column":57}},"32":{"start":{"line":106,"column":6},"end":{"line":106,"column":61}},"33":{"start":{"line":106,"column":34},"end":{"line":106,"column":59}},"34":{"start":{"line":108,"column":6},"end":{"line":115,"column":8}},"35":{"start":{"line":117,"column":6},"end":{"line":117,"column":22}},"36":{"start":{"line":120,"column":4},"end":{"line":120,"column":20}},"37":{"start":{"line":133,"column":2},"end":{"line":169,"column":3}},"38":{"start":{"line":134,"column":32},"end":{"line":157,"column":6}},"39":{"start":{"line":139,"column":10},"end":{"line":144,"column":29}},"40":{"start":{"line":159,"column":23},"end":{"line":159,"column":57}},"41":{"start":{"line":160,"column":4},"end":{"line":160,"column":53}},"42":{"start":{"line":164,"column":4},"end":{"line":168,"column":5}},"43":{"start":{"line":165,"column":6},"end":{"line":165,"column":68}},"44":{"start":{"line":167,"column":6},"end":{"line":167,"column":75}}},"fnMap":{"0":{"name":"getDefaultSaveData","decl":{"start":{"line":23,"column":16},"end":{"line":23,"column":34}},"loc":{"start":{"line":23,"column":34},"end":{"line":32,"column":1}}},"1":{"name":"loadData","decl":{"start":{"line":41,"column":16},"end":{"line":41,"column":24}},"loc":{"start":{"line":41,"column":24},"end":{"line":122,"column":1}}},"2":{"name":"(anonymous_11)","decl":{"start":{"line":100,"column":57},"end":{"line":100,"column":58}},"loc":{"start":{"line":100,"column":64},"end":{"line":100,"column":91}}},"3":{"name":"(anonymous_12)","decl":{"start":{"line":106,"column":24},"end":{"line":106,"column":25}},"loc":{"start":{"line":106,"column":34},"end":{"line":106,"column":59}}},"4":{"name":"saveData","decl":{"start":{"line":132,"column":16},"end":{"line":132,"column":24}},"loc":{"start":{"line":132,"column":39},"end":{"line":170,"column":1}}},"5":{"name":"(anonymous_14)","decl":{"start":{"line":136,"column":8},"end":{"line":136,"column":null}},"loc":{"start":{"line":139,"column":10},"end":{"line":144,"column":29}}}},"branchMap":{"0":{"loc":{"start":{"line":44,"column":4},"end":{"line":118,"column":5}},"type":"if","locations":[{"start":{"line":44,"column":4},"end":{"line":118,"column":5}},{"start":{"line":116,"column":11},"end":{"line":118,"column":5}}]},"1":{"loc":{"start":{"line":49,"column":6},"end":{"line":72,"column":7}},"type":"if","locations":[{"start":{"line":49,"column":6},"end":{"line":72,"column":7}}]},"2":{"loc":{"start":{"line":51,"column":10},"end":{"line":70,"column":11}},"type":"if","locations":[{"start":{"line":51,"column":10},"end":{"line":70,"column":11}}]},"3":{"loc":{"start":{"line":52,"column":12},"end":{"line":67,"column":27}},"type":"binary-expr","locations":[{"start":{"line":52,"column":12},"end":{"line":52,"column":13}},{"start":{"line":53,"column":12},"end":{"line":53,"column":33}},{"start":{"line":54,"column":12},"end":{"line":54,"column":38}},{"start":{"line":55,"column":12},"end":{"line":55,"column":26}},{"start":{"line":56,"column":12},"end":{"line":56,"column":43}},{"start":{"line":57,"column":12},"end":{"line":57,"column":31}},{"start":{"line":58,"column":12},"end":{"line":58,"column":39}},{"start":{"line":59,"column":12},"end":{"line":59,"column":39}},{"start":{"line":60,"column":12},"end":{"line":60,"column":40}},{"start":{"line":61,"column":12},"end":{"line":61,"column":28}},{"start":{"line":62,"column":12},"end":{"line":62,"column":40}},{"start":{"line":63,"column":12},"end":{"line":63,"column":28}},{"start":{"line":64,"column":12},"end":{"line":64,"column":42}},{"start":{"line":65,"column":12},"end":{"line":65,"column":30}},{"start":{"line":66,"column":12},"end":{"line":66,"column":39}},{"start":{"line":67,"column":12},"end":{"line":67,"column":27}}]},"4":{"loc":{"start":{"line":75,"column":8},"end":{"line":77,"column":29}},"type":"cond-expr","locations":[{"start":{"line":76,"column":12},"end":{"line":76,"column":31}},{"start":{"line":77,"column":12},"end":{"line":77,"column":29}}]},"5":{"loc":{"start":{"line":75,"column":8},"end":{"line":75,"column":78}},"type":"binary-expr","locations":[{"start":{"line":75,"column":8},"end":{"line":75,"column":47}},{"start":{"line":75,"column":51},"end":{"line":75,"column":78}}]},"6":{"loc":{"start":{"line":80,"column":8},"end":{"line":82,"column":29}},"type":"cond-expr","locations":[{"start":{"line":81,"column":12},"end":{"line":81,"column":31}},{"start":{"line":82,"column":12},"end":{"line":82,"column":29}}]},"7":{"loc":{"start":{"line":80,"column":8},"end":{"line":80,"column":112}},"type":"binary-expr","locations":[{"start":{"line":80,"column":9},"end":{"line":80,"column":48}},{"start":{"line":80,"column":52},"end":{"line":80,"column":79}},{"start":{"line":80,"column":84},"end":{"line":80,"column":112}}]},"8":{"loc":{"start":{"line":85,"column":8},"end":{"line":87,"column":36}},"type":"cond-expr","locations":[{"start":{"line":86,"column":12},"end":{"line":86,"column":38}},{"start":{"line":87,"column":12},"end":{"line":87,"column":36}}]},"9":{"loc":{"start":{"line":85,"column":8},"end":{"line":85,"column":92}},"type":"binary-expr","locations":[{"start":{"line":85,"column":8},"end":{"line":85,"column":54}},{"start":{"line":85,"column":58},"end":{"line":85,"column":92}}]},"10":{"loc":{"start":{"line":89,"column":19},"end":{"line":89,"column":88}},"type":"cond-expr","locations":[{"start":{"line":89,"column":57},"end":{"line":89,"column":72}},{"start":{"line":89,"column":75},"end":{"line":89,"column":88}}]},"11":{"loc":{"start":{"line":92,"column":6},"end":{"line":97,"column":7}},"type":"if","locations":[{"start":{"line":92,"column":6},"end":{"line":97,"column":7}}]},"12":{"loc":{"start":{"line":93,"column":8},"end":{"line":94,"column":44}},"type":"binary-expr","locations":[{"start":{"line":93,"column":9},"end":{"line":93,"column":56}},{"start":{"line":93,"column":60},"end":{"line":93,"column":95}},{"start":{"line":94,"column":8},"end":{"line":94,"column":44}}]},"13":{"loc":{"start":{"line":100,"column":6},"end":{"line":104,"column":7}},"type":"if","locations":[{"start":{"line":100,"column":6},"end":{"line":104,"column":7}},{"start":{"line":102,"column":13},"end":{"line":104,"column":7}}]},"14":{"loc":{"start":{"line":100,"column":10},"end":{"line":100,"column":92}},"type":"binary-expr","locations":[{"start":{"line":100,"column":10},"end":{"line":100,"column":35}},{"start":{"line":100,"column":39},"end":{"line":100,"column":92}}]},"15":{"loc":{"start":{"line":102,"column":13},"end":{"line":104,"column":7}},"type":"if","locations":[{"start":{"line":102,"column":13},"end":{"line":104,"column":7}}]},"16":{"loc":{"start":{"line":139,"column":10},"end":{"line":144,"column":29}},"type":"binary-expr","locations":[{"start":{"line":139,"column":10},"end":{"line":139,"column":11}},{"start":{"line":140,"column":10},"end":{"line":140,"column":31}},{"start":{"line":141,"column":10},"end":{"line":141,"column":36}},{"start":{"line":142,"column":10},"end":{"line":142,"column":24}},{"start":{"line":143,"column":10},"end":{"line":143,"column":41}},{"start":{"line":144,"column":10},"end":{"line":144,"column":29}}]},"17":{"loc":{"start":{"line":147,"column":16},"end":{"line":147,"column":94}},"type":"cond-expr","locations":[{"start":{"line":147,"column":77},"end":{"line":147,"column":90}},{"start":{"line":147,"column":93},"end":{"line":147,"column":94}}]},"18":{"loc":{"start":{"line":147,"column":16},"end":{"line":147,"column":74}},"type":"binary-expr","locations":[{"start":{"line":147,"column":16},"end":{"line":147,"column":49}},{"start":{"line":147,"column":53},"end":{"line":147,"column":74}}]},"19":{"loc":{"start":{"line":149,"column":8},"end":{"line":151,"column":16}},"type":"cond-expr","locations":[{"start":{"line":150,"column":12},"end":{"line":150,"column":33}},{"start":{"line":151,"column":12},"end":{"line":151,"column":16}}]},"20":{"loc":{"start":{"line":149,"column":8},"end":{"line":149,"column":118}},"type":"binary-expr","locations":[{"start":{"line":149,"column":9},"end":{"line":149,"column":50}},{"start":{"line":149,"column":54},"end":{"line":149,"column":83}},{"start":{"line":149,"column":88},"end":{"line":149,"column":118}}]},"21":{"loc":{"start":{"line":153,"column":8},"end":{"line":153,"column":117}},"type":"cond-expr","locations":[{"start":{"line":153,"column":97},"end":{"line":153,"column":110}},{"start":{"line":153,"column":113},"end":{"line":153,"column":117}}]},"22":{"loc":{"start":{"line":153,"column":8},"end":{"line":153,"column":94}},"type":"binary-expr","locations":[{"start":{"line":153,"column":9},"end":{"line":153,"column":42}},{"start":{"line":153,"column":46},"end":{"line":153,"column":67}},{"start":{"line":153,"column":72},"end":{"line":153,"column":94}}]},"23":{"loc":{"start":{"line":155,"column":8},"end":{"line":155,"column":107}},"type":"cond-expr","locations":[{"start":{"line":155,"column":83},"end":{"line":155,"column":103}},{"start":{"line":155,"column":106},"end":{"line":155,"column":107}}]},"24":{"loc":{"start":{"line":155,"column":8},"end":{"line":155,"column":80}},"type":"binary-expr","locations":[{"start":{"line":155,"column":8},"end":{"line":155,"column":48}},{"start":{"line":155,"column":52},"end":{"line":155,"column":80}}]},"25":{"loc":{"start":{"line":156,"column":12},"end":{"line":156,"column":81}},"type":"cond-expr","locations":[{"start":{"line":156,"column":44},"end":{"line":156,"column":53}},{"start":{"line":156,"column":56},"end":{"line":156,"column":81}}]},"26":{"loc":{"start":{"line":164,"column":4},"end":{"line":168,"column":5}},"type":"if","locations":[{"start":{"line":164,"column":4},"end":{"line":168,"column":5}},{"start":{"line":166,"column":11},"end":{"line":168,"column":5}}]}},"s":{"0":2,"1":2,"2":2,"3":2,"4":2,"5":2,"6":2,"7":2,"8":38,"9":8,"10":8,"11":8,"12":7,"13":7,"14":6,"15":6,"16":6,"17":9,"18":8,"19":6,"20":6,"21":6,"22":6,"23":6,"24":6,"25":5,"26":6,"27":6,"28":3,"29":1,"30":5,"31":3,"32":6,"33":6,"34":6,"35":1,"36":1,"37":1,"38":1,"39":2,"40":1,"41":1,"42":0,"43":0,"44":0},"f":{"0":38,"1":8,"2":3,"3":6,"4":1,"5":2},"b":{"0":[7,1],"1":[6],"2":[8],"3":[9,9,9,8,8,8,8,8,8,8,8,8,8,8,8,8],"4":[6,0],"5":[6,6],"6":[5,1],"7":[6,1,5],"8":[5,1],"9":[6,5],"10":[5,1],"11":[5],"12":[6,3,3],"13":[1,5],"14":[6,3],"15":[3],"16":[2,2,2,2,2,2],"17":[1,0],"18":[1,1],"19":[1,0],"20":[1,1,0],"21":[1,0],"22":[1,1,0],"23":[1,0],"24":[1,1],"25":[1,0],"26":[0,0]}}
}
