TN:
SF:src/stone.ts
FN:15,mulberry32
FN:16,(anonymous_1)
FN:30,generateNewStoneSeed
FN:41,deriveStoneQualities
FN:84,calculateStonePower
FN:102,createStone
FNF:6
FNH:6
FNDA:1726,mulberry32
FNDA:12082,(anonymous_1)
FNDA:1726,generateNewStoneSeed
FNDA:1726,deriveStoneQualities
FNDA:15,calculateStonePower
FNDA:1726,createStone
DA:5,2
DA:7,2
DA:15,2
DA:16,1726
DA:17,12082
DA:18,12082
DA:19,12082
DA:20,12082
DA:30,2
DA:32,1726
DA:41,2
DA:42,1726
DA:47,1726
DA:48,1726
DA:50,1726
DA:52,1726
DA:54,1726
DA:55,1726
DA:59,1726
DA:62,1726
DA:64,1726
DA:66,1726
DA:84,2
DA:92,15
DA:93,15
DA:102,2
DA:103,1726
DA:104,1726
DA:105,1726
LF:29
LH:29
BRF:0
BRH:0
end_of_record
TN:
SF:src/services/fightService.ts
FN:9,(anonymous_0)
FN:12,(anonymous_1)
FN:23,(anonymous_2)
FN:30,(anonymous_3)
FN:47,(anonymous_4)
FNF:5
FNH:5
FNDA:9,(anonymous_0)
FNDA:15,(anonymous_1)
FNDA:3,(anonymous_2)
FNDA:6,(anonymous_3)
FNDA:1,(anonymous_4)
DA:6,1
DA:8,1
DA:9,9
DA:13,15
DA:18,15
DA:19,15
DA:20,15
DA:27,3
DA:31,6
DA:32,6
DA:35,6
DA:36,6
DA:37,6
DA:38,6
DA:40,6
DA:41,3
DA:42,3
DA:43,3
DA:45,3
DA:47,1
DA:48,1
DA:49,1
DA:51,3
DA:52,2
DA:53,2
DA:54,2
DA:55,1
DA:56,1
DA:59,1
DA:60,1
DA:63,6
LF:31
LH:31
BRDA:40,0,0,3
BRDA:40,0,1,3
BRDA:45,1,0,1
BRDA:51,2,0,2
BRDA:51,2,1,1
BRDA:54,3,0,1
BRF:6
BRH:6
end_of_record
TN:
SF:src/services/gameStateManager.ts
FN:19,getInitialGameState
FN:40,(anonymous_2)
FN:46,(anonymous_3)
FN:55,(anonymous_4)
FN:57,(anonymous_5)
FN:62,(anonymous_6)
FN:66,(anonymous_7)
FN:68,(anonymous_8)
FN:69,(anonymous_9)
FN:73,(anonymous_10)
FN:112,(anonymous_11)
FN:122,(anonymous_12)
FN:136,(anonymous_13)
FN:151,(anonymous_14)
FN:156,(anonymous_15)
FN:161,(anonymous_16)
FN:163,(anonymous_17)
FN:165,(anonymous_18)
FN:170,(anonymous_19)
FN:171,(anonymous_20)
FN:178,(anonymous_21)
FN:179,(anonymous_22)
FN:187,(anonymous_23)
FN:214,(anonymous_24)
FN:233,(anonymous_25)
FN:239,(anonymous_26)
FN:241,(anonymous_27)
FN:245,(anonymous_28)
FN:246,(anonymous_29)
FNF:29
FNH:29
FNDA:19,getInitialGameState
FNDA:18,(anonymous_2)
FNDA:178,(anonymous_3)
FNDA:92,(anonymous_4)
FNDA:15,(anonymous_5)
FNDA:59,(anonymous_6)
FNDA:8,(anonymous_7)
FNDA:1,(anonymous_8)
FNDA:1,(anonymous_9)
FNDA:14,(anonymous_10)
FNDA:1,(anonymous_11)
FNDA:15,(anonymous_12)
FNDA:15,(anonymous_13)
FNDA:2,(anonymous_14)
FNDA:4,(anonymous_15)
FNDA:22,(anonymous_16)
FNDA:8,(anonymous_17)
FNDA:10,(anonymous_18)
FNDA:1,(anonymous_19)
FNDA:1,(anonymous_20)
FNDA:23,(anonymous_21)
FNDA:21,(anonymous_22)
FNDA:20,(anonymous_23)
FNDA:4,(anonymous_24)
FNDA:4,(anonymous_25)
FNDA:2,(anonymous_26)
FNDA:1,(anonymous_27)
FNDA:3,(anonymous_28)
FNDA:5,(anonymous_29)
DA:11,1
DA:12,1
DA:17,1
DA:22,19
DA:33,1
DA:35,18
DA:36,18
DA:40,18
DA:41,18
DA:47,178
DA:48,0
DA:52,178
DA:56,92
DA:57,92
DA:63,59
DA:67,8
DA:68,8
DA:69,1
DA:74,14
DA:76,12
DA:77,12
DA:79,12
DA:82,2
DA:83,2
DA:84,1
DA:85,1
DA:87,1
DA:88,1
DA:89,0
DA:91,1
DA:92,1
DA:93,0
DA:95,1
DA:96,1
DA:97,1
DA:98,1
DA:100,0
DA:106,1
DA:107,1
DA:108,1
DA:109,1
DA:113,1
DA:114,1
DA:115,1
DA:117,0
DA:123,15
DA:125,15
DA:136,15
DA:137,15
DA:138,15
DA:139,15
DA:141,15
DA:143,15
DA:147,15
DA:148,15
DA:152,2
DA:153,2
DA:157,4
DA:158,4
DA:163,22
DA:164,22
DA:165,22
DA:166,22
DA:171,1
DA:172,1
DA:173,1
DA:175,1
DA:179,23
DA:180,23
DA:181,23
DA:183,0
DA:188,20
DA:191,0
DA:192,0
DA:196,20
DA:198,20
DA:199,20
DA:201,1710
DA:202,1710
DA:204,20
DA:209,20
DA:210,20
DA:211,20
DA:215,4
DA:216,1
DA:217,1
DA:218,1
DA:219,0
DA:222,0
DA:223,0
DA:227,4
DA:228,4
DA:230,0
DA:234,4
DA:236,4
DA:240,2
DA:241,1
DA:242,1
DA:246,5
DA:247,3
LF:100
LH:88
BRDA:47,0,0,0
BRDA:47,1,0,178
BRDA:47,1,1,178
BRDA:74,2,0,12
BRDA:76,3,0,12
BRDA:76,3,1,0
BRDA:83,4,0,1
BRDA:88,5,0,0
BRDA:92,6,0,0
BRDA:107,7,0,1
BRDA:107,7,1,1
BRDA:163,8,0,22
BRDA:172,9,0,1
BRDA:173,10,0,0
BRDA:173,10,1,1
BRDA:179,11,0,23
BRDA:179,11,1,0
BRDA:179,12,0,23
BRDA:179,12,1,20
BRDA:187,13,0,0
BRDA:188,14,0,0
BRDA:215,15,0,1
BRDA:216,16,0,1
BRDA:216,16,1,0
BRDA:219,17,0,0
BRDA:219,18,0,0
BRDA:219,18,1,0
BRDA:219,18,2,0
BRDA:227,19,0,4
BRDA:227,20,0,4
BRDA:227,20,1,4
BRDA:240,21,0,1
BRDA:242,22,0,1
BRDA:242,22,1,0
BRDA:247,23,0,2
BRDA:247,23,1,1
BRF:36
BRH:22
end_of_record
TN:
SF:src/services/randomService.ts
FN:10,(anonymous_1)
FN:14,(anonymous_2)
FN:18,(anonymous_3)
FN:27,(anonymous_4)
FN:32,(anonymous_5)
FNF:5
FNH:5
FNDA:19,(anonymous_1)
FNDA:21,(anonymous_2)
FNDA:1162,(anonymous_3)
FNDA:103,(anonymous_4)
FNDA:7,(anonymous_5)
DA:4,1
DA:7,1
DA:11,19
DA:15,21
DA:19,1162
DA:21,0
DA:22,0
DA:24,1162
DA:29,103
DA:33,7
DA:34,7
DA:35,40
DA:36,40
DA:38,7
LF:14
LH:12
BRDA:11,0,0,19
BRDA:11,0,1,1
BRDA:19,1,0,0
BRF:3
BRH:2
end_of_record
