TN:
SF:src/shapeMasks.ts
FN:13,generateShapeMask
FN:20,(anonymous_1)
FNF:2
FNH:2
FNDA:34,generateShapeMask
FNDA:2040,(anonymous_1)
DA:3,1
DA:4,1
DA:13,1
DA:18,34
DA:20,2040
DA:21,34
DA:22,34
DA:24,34
DA:26,5
DA:27,5
DA:28,300
DA:29,18000
DA:30,18000
DA:31,12360
DA:35,5
DA:38,5
DA:39,5
DA:40,5
DA:41,5
DA:42,5
DA:43,5
DA:44,5
DA:45,210
DA:46,8820
DA:47,8820
DA:51,5
DA:54,5
DA:55,5
DA:56,5
DA:57,5
DA:58,5
DA:60,5
DA:61,230
DA:62,230
DA:63,230
DA:64,230
DA:65,230
DA:66,230
DA:67,5730
DA:68,5730
DA:73,5
DA:76,4
DA:77,4
DA:78,4
DA:79,4
DA:80,4
DA:81,4
DA:82,4
DA:83,4
DA:84,4
DA:85,4
DA:86,4
DA:87,4
DA:89,4
DA:90,144
DA:91,2304
DA:92,2304
DA:96,4
DA:97,48
DA:98,48
DA:99,48
DA:100,48
DA:101,48
DA:102,48
DA:103,368
DA:104,368
DA:109,4
DA:112,4
DA:113,4
DA:114,4
DA:115,4
DA:116,4
DA:117,4
DA:118,4
DA:119,4
DA:120,4
DA:121,4
DA:122,4
DA:124,4
DA:125,240
DA:126,240
DA:127,60
DA:128,180
DA:129,120
DA:130,60
DA:131,60
DA:134,240
DA:135,240
DA:136,240
DA:137,4008
DA:138,4008
DA:142,4
DA:145,4
DA:146,4
DA:147,4
DA:148,4
DA:149,4
DA:150,4
DA:152,4
DA:153,208
DA:154,208
DA:155,208
DA:156,208
DA:157,208
DA:158,208
DA:160,208
DA:161,2388
DA:162,2388
DA:165,0
DA:166,0
DA:167,0
DA:168,0
DA:169,0
DA:170,0
DA:175,4
DA:179,7
DA:181,34
LF:117
LH:111
BRDA:15,0,0,0
BRDA:16,1,0,0
BRDA:24,2,0,5
BRDA:24,2,1,5
BRDA:24,2,2,5
BRDA:24,2,3,4
BRDA:24,2,4,4
BRDA:24,2,5,4
BRDA:24,2,6,7
BRDA:30,3,0,12360
BRDA:46,4,0,8820
BRDA:46,5,0,8820
BRDA:46,5,1,8820
BRDA:46,5,2,8820
BRDA:46,5,3,8820
BRDA:61,6,0,230
BRDA:61,7,0,230
BRDA:61,7,1,230
BRDA:62,8,0,0
BRDA:62,8,1,230
BRDA:67,9,0,5730
BRDA:67,10,0,5730
BRDA:67,10,1,5730
BRDA:91,11,0,2304
BRDA:91,12,0,2304
BRDA:91,12,1,2304
BRDA:91,12,2,2304
BRDA:91,12,3,2304
BRDA:97,13,0,48
BRDA:97,14,0,48
BRDA:97,14,1,48
BRDA:98,15,0,0
BRDA:98,15,1,48
BRDA:103,16,0,368
BRDA:103,17,0,368
BRDA:103,17,1,368
BRDA:126,18,0,60
BRDA:126,18,1,180
BRDA:126,19,0,240
BRDA:126,19,1,240
BRDA:127,20,0,0
BRDA:127,20,1,60
BRDA:128,21,0,120
BRDA:128,21,1,60
BRDA:128,22,0,180
BRDA:128,22,1,180
BRDA:130,23,0,60
BRDA:130,24,0,60
BRDA:130,24,1,60
BRDA:131,25,0,0
BRDA:131,25,1,60
BRDA:137,26,0,4008
BRDA:137,27,0,4008
BRDA:137,27,1,4008
BRDA:153,28,0,208
BRDA:153,28,1,0
BRDA:153,29,0,208
BRDA:153,29,1,208
BRDA:153,29,2,208
BRDA:161,30,0,2388
BRDA:161,31,0,2388
BRDA:161,31,1,2388
BRDA:165,32,0,0
BRDA:165,33,0,0
BRDA:165,33,1,0
BRDA:165,33,2,0
BRDA:165,33,3,0
BRDA:169,34,0,0
BRDA:169,35,0,0
BRDA:169,35,1,0
BRF:70
BRH:55
end_of_record
TN:
SF:src/stone.ts
FN:26,mulberry32
FN:27,(anonymous_1)
FN:41,generateNewStoneSeed
FN:52,deriveStoneQualities
FN:95,calculateStonePower
FN:113,createStone
FNF:6
FNH:6
FNDA:13,mulberry32
FNDA:162,(anonymous_1)
FNDA:1,generateNewStoneSeed
FNDA:7,deriveStoneQualities
FNDA:4,calculateStonePower
FNDA:3,createStone
DA:16,4
DA:18,4
DA:26,4
DA:27,13
DA:28,162
DA:29,162
DA:30,162
DA:31,162
DA:41,4
DA:43,1
DA:52,4
DA:53,7
DA:58,7
DA:59,7
DA:61,7
DA:63,7
DA:65,7
DA:66,7
DA:70,7
DA:73,7
DA:75,7
DA:77,7
DA:95,4
DA:103,4
DA:104,4
DA:113,4
DA:114,3
DA:115,3
DA:116,3
LF:29
LH:29
BRF:0
BRH:0
end_of_record
TN:
SF:src/store.ts
FN:36,getDefaultSaveData
FN:63,initializeGamePrng
FN:68,getGamePrng
FN:82,addStoneToInventory
FN:84,(anonymous_5)
FN:86,(anonymous_6)
FN:98,generateOpponentList
FN:124,getCurrentOpponent
FN:154,(anonymous_9)
FN:166,(anonymous_10)
FN:173,(anonymous_11)
FNF:11
FNH:4
FNDA:17,getDefaultSaveData
FNDA:1,initializeGamePrng
FNDA:5,getGamePrng
FNDA:0,addStoneToInventory
FNDA:0,(anonymous_5)
FNDA:0,(anonymous_6)
FNDA:0,generateOpponentList
FNDA:0,getCurrentOpponent
FNDA:0,(anonymous_9)
FNDA:2,(anonymous_10)
FNDA:0,(anonymous_11)
DA:1,2
DA:2,2
DA:3,2
DA:4,2
DA:36,2
DA:37,17
DA:52,2
DA:53,2
DA:56,2
DA:57,2
DA:58,2
DA:61,2
DA:63,2
DA:64,1
DA:65,1
DA:68,2
DA:69,5
DA:70,1
DA:71,1
DA:73,5
DA:82,2
DA:83,0
DA:85,0
DA:86,0
DA:98,2
DA:99,0
DA:100,0
DA:101,0
DA:102,0
DA:103,0
DA:104,0
DA:106,0
DA:107,0
DA:113,0
DA:114,0
DA:115,0
DA:124,2
DA:125,0
DA:126,0
DA:129,0
DA:134,0
DA:135,0
DA:139,0
DA:140,0
DA:141,0
DA:142,0
DA:143,0
DA:146,0
DA:147,0
DA:152,2
DA:154,2
DA:155,0
DA:156,0
DA:157,0
DA:160,0
DA:166,2
DA:167,2
DA:168,2
DA:169,2
DA:170,0
DA:171,0
DA:172,0
DA:173,0
DA:176,0
DA:177,0
DA:179,0
DA:181,0
DA:182,0
DA:185,2
DA:186,2
DA:189,0
DA:190,0
DA:191,0
DA:197,2
DA:198,2
DA:199,2
DA:200,2
DA:201,2
DA:203,2
DA:204,2
DA:205,2
DA:206,2
DA:210,2
LF:83
LH:41
BRDA:69,0,0,1
BRDA:98,1,0,0
BRDA:125,2,0,0
BRDA:125,3,0,0
BRDA:125,3,1,0
BRDA:134,4,0,0
BRDA:134,5,0,0
BRDA:134,5,1,0
BRDA:139,6,0,0
BRDA:142,7,0,0
BRDA:142,8,0,0
BRDA:142,8,1,0
BRDA:169,9,0,0
BRDA:169,9,1,2
BRDA:173,10,0,0
BRDA:173,10,1,0
BRDA:174,11,0,0
BRDA:174,11,1,0
BRDA:179,12,0,0
BRDA:179,13,0,0
BRDA:179,13,1,0
BRDA:181,14,0,0
BRF:22
BRH:2
end_of_record
TN:
SF:src/components/ConsoleLog.tsx
FN:4,(anonymous_0)
FN:7,(anonymous_1)
FN:29,(anonymous_2)
FN:32,(anonymous_3)
FN:33,(anonymous_4)
FN:33,(anonymous_5)
FNF:6
FNH:6
FNDA:4,(anonymous_0)
FNDA:6,(anonymous_1)
FNDA:4,(anonymous_2)
FNDA:6,(anonymous_3)
FNDA:14,(anonymous_4)
FNDA:14,(anonymous_5)
DA:1,1
DA:2,1
DA:4,1
DA:7,4
DA:8,6
DA:9,6
DA:10,6
DA:11,4
DA:16,4
DA:24,4
DA:29,8
DA:30,4
DA:32,6
DA:33,14
DA:34,14
DA:35,14
DA:37,4
DA:43,1
LF:18
LH:18
BRDA:8,0,0,6
BRDA:10,1,0,4
BRDA:30,2,0,0
BRDA:30,2,1,4
BRF:4
BRH:3
end_of_record
TN:
SF:src/components/StartMenu.tsx
FN:6,(anonymous_0)
FN:10,(anonymous_1)
FN:65,(anonymous_2)
FN:74,(anonymous_3)
FN:85,(anonymous_4)
FN:91,(anonymous_5)
FN:73,(anonymous_6)
FNF:7
FNH:7
FNDA:6,(anonymous_0)
FNDA:5,(anonymous_1)
FNDA:6,(anonymous_2)
FNDA:2,(anonymous_3)
FNDA:2,(anonymous_4)
FNDA:8,(anonymous_5)
FNDA:8,(anonymous_6)
DA:1,1
DA:2,1
DA:3,1
DA:4,1
DA:6,1
DA:7,6
DA:8,6
DA:10,6
DA:11,5
DA:12,5
DA:15,5
DA:17,3
DA:18,3
DA:19,3
DA:21,2
DA:22,2
DA:24,1
DA:25,1
DA:26,14
DA:27,14
DA:29,1
DA:30,1
DA:31,1
DA:33,1
DA:37,5
DA:39,5
DA:41,5
DA:42,5
DA:43,5
DA:45,5
DA:54,5
DA:55,5
DA:56,5
DA:57,5
DA:59,0
DA:60,0
DA:65,72
DA:73,8
DA:74,18
DA:84,6
DA:85,18
DA:91,24
DA:100,1
LF:43
LH:41
BRDA:11,0,0,5
BRDA:11,0,1,3
BRDA:15,1,0,3
BRDA:15,1,1,2
BRDA:22,2,0,1
BRDA:22,2,1,1
BRF:6
BRH:6
end_of_record
